---------------------------------------
Begin PBS Prologue Fri Aug 29 20:01:08 EDT 2014
Job ID:     154707.dedicated-sched.pace.gatech.edu
User ID:    rchen87
Job name:   qsub_run_expt_diffGammas_0.001-0.13-0.13_20140829.pbs
Queue:      monkeys
End PBS Prologue Fri Aug 29 20:01:08 EDT 2014
---------------------------------------
Install rlwrap to use node: sudo apt-get install -y rlwrap
started on iw-k33-36.pace.gatech.edu
/usr/local/packages/python/2.7.7/gcc-4.4.5/lib/python2.7/site-packages/matplotlib-1.3.1-py2.7-linux-x86_64.egg/matplotlib/__init__.py:740: UserWarning: Found matplotlib configuration in ~/.matplotlib/. To conform with the XDG base directory standard, this configuration location has been deprecated on Linux, and the new location is now '/nv/hcoc1/rchen87/.config'/matplotlib/. Please move your configuration there to ensure that matplotlib will continue to find it in the future.
  _get_xdg_config_dir())
/usr/local/packages/python/2.7.7/gcc-4.4.5/lib/python2.7/site-packages/matplotlib-1.3.1-py2.7-linux-x86_64.egg/matplotlib/__init__.py:740: UserWarning: Found matplotlib configuration in ~/.matplotlib/. To conform with the XDG base directory standard, this configuration location has been deprecated on Linux, and the new location is now '/nv/hcoc1/rchen87/.config'/matplotlib/. Please move your configuration there to ensure that matplotlib will continue to find it in the future.
  _get_xdg_config_dir())
/usr/local/packages/python/2.7.7/gcc-4.4.5/lib/python2.7/site-packages/matplotlib-1.3.1-py2.7-linux-x86_64.egg/matplotlib/__init__.py:740: UserWarning: Found matplotlib configuration in ~/.matplotlib/. To conform with the XDG base directory standard, this configuration location has been deprecated on Linux, and the new location is now '/nv/hcoc1/rchen87/.config'/matplotlib/. Please move your configuration there to ensure that matplotlib will continue to find it in the future.
  _get_xdg_config_dir())
/usr/local/packages/python/2.7.7/gcc-4.4.5/lib/python2.7/site-packages/matplotlib-1.3.1-py2.7-linux-x86_64.egg/matplotlib/__init__.py:740: UserWarning: Found matplotlib configuration in ~/.matplotlib/. To conform with the XDG base directory standard, this configuration location has been deprecated on Linux, and the new location is now '/nv/hcoc1/rchen87/.config'/matplotlib/. Please move your configuration there to ensure that matplotlib will continue to find it in the future.
  _get_xdg_config_dir())
/usr/local/packages/python/2.7.7/gcc-4.4.5/lib/python2.7/site-packages/matplotlib-1.3.1-py2.7-linux-x86_64.egg/matplotlib/__init__.py:740: UserWarning: Found matplotlib configuration in ~/.matplotlib/. To conform with the XDG base directory standard, this configuration location has been deprecated on Linux, and the new location is now '/nv/hcoc1/rchen87/.config'/matplotlib/. Please move your configuration there to ensure that matplotlib will continue to find it in the future.
  _get_xdg_config_dir())
/usr/local/packages/python/2.7.7/gcc-4.4.5/lib/python2.7/site-packages/matplotlib-1.3.1-py2.7-linux-x86_64.egg/matplotlib/__init__.py:740: UserWarning: Found matplotlib configuration in ~/.matplotlib/. To conform with the XDG base directory standard, this configuration location has been deprecated on Linux, and the new location is now '/nv/hcoc1/rchen87/.config'/matplotlib/. Please move your configuration there to ensure that matplotlib will continue to find it in the future.
  _get_xdg_config_dir())
/usr/local/packages/python/2.7.7/gcc-4.4.5/lib/python2.7/site-packages/matplotlib-1.3.1-py2.7-linux-x86_64.egg/matplotlib/__init__.py:740: UserWarning: Found matplotlib configuration in ~/.matplotlib/. To conform with the XDG base directory standard, this configuration location has been deprecated on Linux, and the new location is now '/nv/hcoc1/rchen87/.config'/matplotlib/. Please move your configuration there to ensure that matplotlib will continue to find it in the future.
  _get_xdg_config_dir())
/usr/local/packages/python/2.7.7/gcc-4.4.5/lib/python2.7/site-packages/matplotlib-1.3.1-py2.7-linux-x86_64.egg/matplotlib/__init__.py:740: UserWarning: Found matplotlib configuration in ~/.matplotlib/. To conform with the XDG base directory standard, this configuration location has been deprecated on Linux, and the new location is now '/nv/hcoc1/rchen87/.config'/matplotlib/. Please move your configuration there to ensure that matplotlib will continue to find it in the future.
  _get_xdg_config_dir())
Ctrl-C caught... cleaning up processes
---------------------------------------
Begin PBS Epilogue Fri Aug 29 20:14:27 EDT 2014
Job ID:     154707.dedicated-sched.pace.gatech.edu
User ID:    rchen87
Job name:   qsub_run_expt_diffGammas_0.001-0.13-0.13_20140829.pbs
Resources:  mem=8gb,neednodes=2:ppn=4,nodes=2:ppn=4,walltime=15:00:00
Rsrc Used:  cput=01:39:35,mem=13175772kb,vmem=17158260kb,walltime=00:13:18
Queue:      monkeys
Nodes:     
iw-k33-36.pace.gatech.edu
End PBS Epilogue Fri Aug 29 20:14:27 EDT 2014
---------------------------------------
