===== phenotype 39=================================================================
proportion of pts: 0.231257437525
lambda: 15956.1484073
----------------------------------------
----------------------------------------
Adrenergic alpha-1 Receptor Antagonists
Adrenergic alpha-2 Receptor Agonists
Adrenergic beta-1 Receptor Antagonists
Adrenergic beta-Antagonists
Analgesics, Non-Narcotic
Angiotensin II Type 1 Receptor Blockers
Anti-Allergic Agents
Anti-Asthmatic Agents
Anti-Bacterial Agents
Anti-Inflammatory Agents
Anti-Inflammatory Agents, Non-Steroidal
Antihypertensive Agents
Antioxidants
Bone Density Conservation Agents
Cardiotonic Agents
Cyclooxygenase Inhibitors
Enzyme Inhibitors
GABA-A Receptor Agonists
Hydroxymethylglutaryl-CoA Reductase Inhibitors
Mineralocorticoid Receptor Antagonists
NA
Narcotics
Proton Pump Inhibitors
Purinergic P1 Receptor Antagonists
Rodenticides
Sodium Chloride Symporter Inhibitors
Sodium Potassium Chloride Symporter Inhibitors
Sympatholytics
Topoisomerase II Inhibitors
Tubulin Modulators
Vasodilator Agents
Vitamin B Complex
Vitamins
===== phenotype 25=================================================================
proportion of pts: 0.146370487902
lambda: 14248.325935
----------------------------------------
----------------------------------------
14-alpha Demethylase Inhibitors
Adrenergic beta-1 Receptor Antagonists
Adrenergic beta-2 Receptor Agonists
Analgesics, Non-Narcotic
Anesthetics, Local
Antacids
Anti-Allergic Agents
Anti-Anxiety Agents
Anti-Bacterial Agents
Anti-Infective Agents, Local
Anti-Infective Agents, Urinary
Anti-Inflammatory Agents, Non-Steroidal
Antidepressive Agents, Second-Generation
Antihypertensive Agents
Antimalarials
Antimanic Agents
Antineoplastic Agents, Alkylating
Antineoplastic Agents, Hormonal
Antitussive Agents
Cardiotonic Agents
Cathartics
Cyclooxygenase Inhibitors
Dopamine Antagonists
Emollients
Enzyme Inhibitors
Fibrinolytic Agents
GABA-A Receptor Agonists
Histamine H1 Antagonists
Histamine H2 Antagonists
Hydroxymethylglutaryl-CoA Reductase Inhibitors
Hypoglycemic Agents
Leprostatic Agents
Myeloablative Agonists
NA
Narcotics
Proton Pump Inhibitors
Purinergic P1 Receptor Antagonists
Rodenticides
Serotonin Uptake Inhibitors
Sodium Potassium Chloride Symporter Inhibitors
Surface-Active Agents
Sweetening Agents
Topoisomerase II Inhibitors
Tubulin Modulators
Vasodilator Agents
Vitamins
Voltage-Gated Sodium Channel Blockers
===== phenotype 31=================================================================
proportion of pts: 0.150337167791
lambda: 13809.0347135
----------------------------------------
----------------------------------------
5-alpha Reductase Inhibitors
Adrenergic alpha-1 Receptor Antagonists
Adrenergic beta-1 Receptor Antagonists
Adrenergic beta-2 Receptor Agonists
Analgesics, Non-Narcotic
Antacids
Anti-Allergic Agents
Anti-Anxiety Agents
Anti-Bacterial Agents
Antidepressive Agents, Second-Generation
Antidiarrheals
Antimanic Agents
Antineoplastic Agents, Alkylating
Antineoplastic Agents, Hormonal
Cardiotonic Agents
Cathartics
Cholinergic Antagonists
Cyclooxygenase Inhibitors
Dopamine Antagonists
Enzyme Inhibitors
Explosive Agents
Fibrinolytic Agents
Gasotransmitters
Gastrointestinal Agents
Histamine H1 Antagonists
Histamine H1 Antagonists, Non-Sedating
Histamine H2 Antagonists
Hydroxymethylglutaryl-CoA Reductase Inhibitors
Mineralocorticoid Receptor Antagonists
Muscarinic Antagonists
Myeloablative Agonists
NA
Narcotics
Neuroprotective Agents
Nootropic Agents
Proton Pump Inhibitors
Purinergic P2Y Receptor Antagonists
Rodenticides
Sodium Potassium Chloride Symporter Inhibitors
Surface-Active Agents
Sympatholytics
Topoisomerase II Inhibitors
Tranquilizing Agents
Vasodilator Agents
Vitamin B Complex
Vitamins
Voltage-Gated Sodium Channel Blockers
===== phenotype 28=================================================================
proportion of pts: 0.243950813169
lambda: 12654.8124235
----------------------------------------
----------------------------------------
14-alpha Demethylase Inhibitors
Analgesics, Non-Narcotic
Angiotensin II Type 1 Receptor Blockers
Anti-Allergic Agents
Anti-Asthmatic Agents
Anti-Bacterial Agents
Anti-Inflammatory Agents
Antidepressive Agents, Second-Generation
Antihypertensive Agents
Antineoplastic Agents, Hormonal
Bone Density Conservation Agents
Cardiotonic Agents
Cyclooxygenase Inhibitors
Estrogens
Expectorants
GABA Modulators
GABA-A Receptor Agonists
Glucocorticoids
Histamine H1 Antagonists, Non-Sedating
Histamine H2 Antagonists
Hydroxymethylglutaryl-CoA Reductase Inhibitors
Hypolipidemic Agents
Leukotriene Antagonists
NA
Nasal Decongestants
Nucleic Acid Synthesis Inhibitors
Proton Pump Inhibitors
Purinergic P1 Receptor Antagonists
Sodium Chloride Symporter Inhibitors
Topoisomerase II Inhibitors
Vasodilator Agents
Vitamins
===== phenotype 15=================================================================
proportion of pts: 0.226497421658
lambda: 12500.9908177
----------------------------------------
----------------------------------------
Adrenergic alpha-1 Receptor Antagonists
Adrenergic beta-1 Receptor Antagonists
Analgesics, Non-Narcotic
Angiotensin II Type 1 Receptor Blockers
Antacids
Anti-Allergic Agents
Anti-Bacterial Agents
Anti-Inflammatory Agents
Antihypertensive Agents
Antimalarials
Bone Density Conservation Agents
Cardiotonic Agents
Cathartics
Cyclooxygenase Inhibitors
Explosive Agents
GABA Modulators
Histamine H1 Antagonists, Non-Sedating
Hydroxymethylglutaryl-CoA Reductase Inhibitors
NA
Proton Pump Inhibitors
Purinergic P2Y Receptor Antagonists
Rodenticides
Sodium Chloride Symporter Inhibitors
Surface-Active Agents
Tissue Adhesives
Vasodilator Agents
Vitamins
===== phenotype 27=================================================================
proportion of pts: 0.169773899246
lambda: 12177.3962834
----------------------------------------
----------------------------------------
5-alpha Reductase Inhibitors
Adrenergic alpha-1 Receptor Antagonists
Adrenergic beta-1 Receptor Antagonists
Analgesics, Non-Narcotic
Anesthetics, Intravenous
Angiotensin II Type 1 Receptor Blockers
Anti-Anxiety Agents
Anti-Bacterial Agents
Antineoplastic Agents, Alkylating
Bone Density Conservation Agents
Cardiotonic Agents
Cathartics
Chelating Agents
Cyclooxygenase Inhibitors
Emollients
Enzyme Inhibitors
Expectorants
Explosive Agents
Fibrinolytic Agents
GABA Modulators
Histamine H2 Antagonists
Hydroxymethylglutaryl-CoA Reductase Inhibitors
Hypoglycemic Agents
Leprostatic Agents
Mineralocorticoid Receptor Antagonists
NA
Narcotics
Nucleic Acid Synthesis Inhibitors
Proton Pump Inhibitors
Purinergic P2Y Receptor Antagonists
Rodenticides
Sclerosing Solutions
Sodium Potassium Chloride Symporter Inhibitors
Surface-Active Agents
Sweetening Agents
Tissue Adhesives
Vasoconstrictor Agents
Vasodilator Agents
===== phenotype 26=================================================================
proportion of pts: 0.163427211424
lambda: 12011.0319349
----------------------------------------
----------------------------------------
14-alpha Demethylase Inhibitors
Adrenergic alpha-1 Receptor Antagonists
Adrenergic alpha-2 Receptor Agonists
Adrenergic beta-1 Receptor Antagonists
Adrenergic beta-2 Receptor Agonists
Analgesics, Non-Narcotic
Anesthetics, Intravenous
Angiotensin II Type 1 Receptor Blockers
Antacids
Anti-Allergic Agents
Anti-Anxiety Agents
Anti-Bacterial Agents
Anti-Inflammatory Agents
Antidepressive Agents, Second-Generation
Antimanic Agents
Antineoplastic Agents, Hormonal
Bone Density Conservation Agents
Cholinergic Antagonists
Cyclooxygenase Inhibitors
Dopamine Agonists
Dopamine Uptake Inhibitors
Explosive Agents
GABA Modulators
Glucocorticoids
Histamine H1 Antagonists, Non-Sedating
Histamine H2 Antagonists
Hydroxymethylglutaryl-CoA Reductase Inhibitors
Hypoglycemic Agents
Immunosuppressive Agents
Mineralocorticoid Receptor Antagonists
Myeloablative Agonists
NA
Narcotics
Nucleic Acid Synthesis Inhibitors
Parasympatholytics
Proton Pump Inhibitors
Purinergic P1 Receptor Antagonists
Radiation-Sensitizing Agents
Rodenticides
Sodium Chloride Symporter Inhibitors
Sodium Potassium Chloride Symporter Inhibitors
Surface-Active Agents
Sweetening Agents
Topoisomerase II Inhibitors
Trace Elements
Tranquilizing Agents
Tubulin Modulators
Vasoconstrictor Agents
Vasodilator Agents
Voltage-Gated Sodium Channel Blockers
===== phenotype 37=================================================================
proportion of pts: 0.16858389528
lambda: 11819.9266439
----------------------------------------
----------------------------------------
Adrenergic alpha-1 Receptor Antagonists
Adrenergic beta-2 Receptor Agonists
Analgesics, Non-Narcotic
Antacids
Anti-Allergic Agents
Anti-Anxiety Agents
Anti-Bacterial Agents
Anti-Infective Agents, Urinary
Anti-Inflammatory Agents, Non-Steroidal
Antidepressive Agents, Second-Generation
Antidiarrheals
Antihypertensive Agents
Antimalarials
Antimanic Agents
Antitussive Agents
Bone Density Conservation Agents
Cathartics
Cyclooxygenase Inhibitors
Dopamine Antagonists
Estrogens
GABA Modulators
Gastrointestinal Agents
Glucocorticoids
Histamine H1 Antagonists
Histamine H1 Antagonists, Non-Sedating
Histamine H2 Antagonists
Immunosuppressive Agents
NA
Narcotics
Parasympatholytics
Proton Pump Inhibitors
Radiation-Sensitizing Agents
Rodenticides
Serotonin Uptake Inhibitors
Sodium Potassium Chloride Symporter Inhibitors
Surface-Active Agents
Topoisomerase II Inhibitors
Trace Elements
Tranquilizing Agents
Vasodilator Agents
Vitamins
Voltage-Gated Sodium Channel Blockers
===== phenotype 2=================================================================
proportion of pts: 0.213407378025
lambda: 11819.2724702
----------------------------------------
----------------------------------------
Adrenergic alpha-1 Receptor Antagonists
Adrenergic beta-1 Receptor Antagonists
Adrenergic beta-2 Receptor Agonists
Anesthetics, Intravenous
Angiotensin II Type 1 Receptor Blockers
Antacids
Anti-Allergic Agents
Anti-Bacterial Agents
Anticholesteremic Agents
Antineoplastic Agents, Alkylating
Antineoplastic Agents, Hormonal
Antitussive Agents
Cardiotonic Agents
Cathartics
Chelating Agents
Coloring Agents
Cyclooxygenase Inhibitors
Dipeptidyl-Peptidase IV Inhibitors
Food Additives
Free Radical Scavengers
Histamine H2 Antagonists
Hydroxymethylglutaryl-CoA Reductase Inhibitors
Hypoglycemic Agents
Hypolipidemic Agents
Immunosuppressive Agents
Indicators and Reagents
Mineralocorticoid Receptor Antagonists
NA
Phosphodiesterase 5 Inhibitors
Proton Pump Inhibitors
Sodium Chloride Symporter Inhibitors
Sodium Potassium Chloride Symporter Inhibitors
Topoisomerase II Inhibitors
Tubulin Modulators
Vasodilator Agents
Vitamins
===== phenotype 23=================================================================
proportion of pts: 0.263387544625
lambda: 11684.8378321
----------------------------------------
----------------------------------------
14-alpha Demethylase Inhibitors
Adrenergic alpha-1 Receptor Antagonists
Adrenergic beta-1 Receptor Antagonists
Analgesics, Non-Narcotic
Angiotensin II Type 1 Receptor Blockers
Anti-Allergic Agents
Anti-Bacterial Agents
Antidepressive Agents, Second-Generation
Antihypertensive Agents
Antioxidants
Bone Density Conservation Agents
Cardiotonic Agents
Cyclooxygenase Inhibitors
Dipeptidyl-Peptidase IV Inhibitors
Histamine H1 Antagonists, Non-Sedating
Hydroxymethylglutaryl-CoA Reductase Inhibitors
Hypoglycemic Agents
Hypolipidemic Agents
Immunosuppressive Agents
NA
Phosphodiesterase 5 Inhibitors
Proton Pump Inhibitors
Sodium Chloride Symporter Inhibitors
Tubulin Modulators
Vasodilator Agents
Vitamin B Complex
===== phenotype 43=================================================================
proportion of pts: 0.174930583102
lambda: 11597.2542995
----------------------------------------
----------------------------------------
5-alpha Reductase Inhibitors
Adrenergic alpha-2 Receptor Agonists
Adrenergic beta-2 Receptor Agonists
Analgesics, Non-Narcotic
Angiotensin II Type 1 Receptor Blockers
Anti-Allergic Agents
Anti-Asthmatic Agents
Anti-Bacterial Agents
Anticholesteremic Agents
Antimanic Agents
Antineoplastic Agents, Hormonal
Antitussive Agents
Bone Density Conservation Agents
Cardiotonic Agents
Cholinergic Antagonists
Cyclooxygenase 2 Inhibitors
Cyclooxygenase Inhibitors
Excitatory Amino Acid Antagonists
Expectorants
Glucocorticoids
Histamine H1 Antagonists, Non-Sedating
Hydroxymethylglutaryl-CoA Reductase Inhibitors
Hypoglycemic Agents
Immunosuppressive Agents
Leukotriene Antagonists
NA
Neuroprotective Agents
Proton Pump Inhibitors
Serotonin Uptake Inhibitors
Sodium Chloride Symporter Inhibitors
Sodium Potassium Chloride Symporter Inhibitors
Sympathomimetics
Topoisomerase II Inhibitors
Tubulin Modulators
Vasoconstrictor Agents
Vasodilator Agents
===== phenotype 38=================================================================
proportion of pts: 0.202300674336
lambda: 11369.5762551
----------------------------------------
----------------------------------------
Adrenergic Uptake Inhibitors
Adrenergic alpha-1 Receptor Antagonists
Adrenergic beta-1 Receptor Antagonists
Analgesics, Non-Narcotic
Anesthetics, Local
Angiotensin II Type 1 Receptor Blockers
Anti-Allergic Agents
Anti-Bacterial Agents
Anti-Inflammatory Agents
Antihypertensive Agents
Antimanic Agents
Antineoplastic Agents, Alkylating
Antineoplastic Agents, Hormonal
Bone Density Conservation Agents
Cardiotonic Agents
Cyclooxygenase Inhibitors
GABA-A Receptor Agonists
Glucocorticoids
Histamine H1 Antagonists, Non-Sedating
Histamine H2 Antagonists
Hydroxymethylglutaryl-CoA Reductase Inhibitors
Hypoglycemic Agents
Hypolipidemic Agents
NA
Narcotics
Nucleic Acid Synthesis Inhibitors
Proton Pump Inhibitors
Serotonin Uptake Inhibitors
Sodium Chloride Symporter Inhibitors
Sodium Potassium Chloride Symporter Inhibitors
Topoisomerase II Inhibitors
Tranquilizing Agents
Tubulin Modulators
Vasodilator Agents
Vitamin B Complex
Vitamins
===== phenotype 5=================================================================
proportion of pts: 0.20071400238
lambda: 11366.4376556
----------------------------------------
----------------------------------------
Adrenergic alpha-1 Receptor Antagonists
Adrenergic beta-1 Receptor Antagonists
Adrenergic beta-2 Receptor Agonists
Analgesics, Non-Narcotic
Angiotensin II Type 1 Receptor Blockers
Anti-Allergic Agents
Anti-Asthmatic Agents
Anti-Bacterial Agents
Antidepressive Agents, Second-Generation
Antihypertensive Agents
Antineoplastic Agents, Hormonal
Antioxidants
Bone Density Conservation Agents
Cardiotonic Agents
Cholinergic Antagonists
Cyclooxygenase Inhibitors
Explosive Agents
Free Radical Scavengers
GABA Modulators
GABA-A Receptor Agonists
Histamine H1 Antagonists, Non-Sedating
Hydroxymethylglutaryl-CoA Reductase Inhibitors
NA
Neuroprotective Agents
Nitric Oxide Donors
Nucleic Acid Synthesis Inhibitors
Proton Pump Inhibitors
Purinergic P1 Receptor Antagonists
Purinergic P2Y Receptor Antagonists
Sodium Chloride Symporter Inhibitors
Sodium Potassium Chloride Symporter Inhibitors
Sympathomimetics
Topoisomerase II Inhibitors
Vasodilator Agents
Vitamin B Complex
Vitamins
Voltage-Gated Sodium Channel Blockers
===== phenotype 40=================================================================
proportion of pts: 0.201904006347
lambda: 11344.1579165
----------------------------------------
----------------------------------------
Adrenergic beta-1 Receptor Antagonists
Analgesics, Non-Narcotic
Angiotensin II Type 1 Receptor Blockers
Antacids
Anti-Allergic Agents
Anti-Bacterial Agents
Anti-Infective Agents, Urinary
Antidepressive Agents, Second-Generation
Antihypertensive Agents
Antimalarials
Antimanic Agents
Aromatase Inhibitors
Bone Density Conservation Agents
Cardiotonic Agents
Cyclooxygenase 2 Inhibitors
Cyclooxygenase Inhibitors
Enzyme Inhibitors
Estrogens
Food Additives
GABA Modulators
Histamine H1 Antagonists, Non-Sedating
Hydroxymethylglutaryl-CoA Reductase Inhibitors
Immunosuppressive Agents
Myeloablative Agonists
NA
Narcotics
Proton Pump Inhibitors
Rodenticides
Sodium Chloride Symporter Inhibitors
Sodium Potassium Chloride Symporter Inhibitors
Surface-Active Agents
Vasodilator Agents
Vitamin B Complex
Vitamins
Voltage-Gated Sodium Channel Blockers
===== phenotype 21=================================================================
proportion of pts: 0.230067433558
lambda: 11342.7292836
----------------------------------------
----------------------------------------
Adrenergic alpha-2 Receptor Agonists
Adrenergic beta-1 Receptor Antagonists
Analgesics, Non-Narcotic
Angiotensin II Type 1 Receptor Blockers
Anti-Allergic Agents
Anti-Asthmatic Agents
Anticholesteremic Agents
Antidepressive Agents, Second-Generation
Antihypertensive Agents
Cyclooxygenase 2 Inhibitors
Cyclooxygenase Inhibitors
Dopamine Agonists
Dopamine Uptake Inhibitors
Estrogens
GABA Modulators
GABA-A Receptor Agonists
Histamine H1 Antagonists, Non-Sedating
Hydroxymethylglutaryl-CoA Reductase Inhibitors
Mineralocorticoid Receptor Antagonists
NA
Proton Pump Inhibitors
Serotonin Uptake Inhibitors
Sodium Chloride Symporter Inhibitors
Sodium Potassium Chloride Symporter Inhibitors
Vasodilator Agents
===== phenotype 22=================================================================
proportion of pts: 0.149940499802
lambda: 11150.9795789
----------------------------------------
----------------------------------------
14-alpha Demethylase Inhibitors
Adrenergic Uptake Inhibitors
Adrenergic alpha-2 Receptor Agonists
Adrenergic beta-1 Receptor Antagonists
Analgesics, Non-Narcotic
Anesthetics, Intravenous
Angiotensin II Type 1 Receptor Blockers
Anti-Allergic Agents
Anti-Bacterial Agents
Anti-Inflammatory Agents
Anti-Inflammatory Agents, Non-Steroidal
Antidepressive Agents, Second-Generation
Antimanic Agents
Antioxidants
Bone Density Conservation Agents
Cardiotonic Agents
Cathartics
Cyclooxygenase Inhibitors
Dopamine Uptake Inhibitors
Estrogens
Explosive Agents
Fibrinolytic Agents
GABA Modulators
GABA-A Receptor Agonists
Gastrointestinal Agents
Histamine H1 Antagonists
Histamine H1 Antagonists, Non-Sedating
Hydroxymethylglutaryl-CoA Reductase Inhibitors
Hypnotics and Sedatives
Hypoglycemic Agents
Hypolipidemic Agents
Muscarinic Antagonists
NA
Narcotics
Neuroprotective Agents
Nitric Oxide Donors
Nootropic Agents
Platelet Aggregation Inhibitors
Proton Pump Inhibitors
Purinergic P2Y Receptor Antagonists
Rodenticides
Serotonin Uptake Inhibitors
Sodium Chloride Symporter Inhibitors
Sodium Potassium Chloride Symporter Inhibitors
Surface-Active Agents
Topoisomerase II Inhibitors
Tubulin Modulators
Vasodilator Agents
Vitamin B Complex
===== phenotype 32=================================================================
proportion of pts: 0.22570408568
lambda: 11076.2915677
----------------------------------------
----------------------------------------
Adrenergic Uptake Inhibitors
Adrenergic alpha-1 Receptor Antagonists
Adrenergic beta-2 Receptor Agonists
Analgesics, Non-Narcotic
Anti-Allergic Agents
Anti-Anxiety Agents
Anti-Asthmatic Agents
Anti-Bacterial Agents
Antimanic Agents
Antineoplastic Agents, Hormonal
Antitussive Agents
Calcium Channel Blockers
Cathartics
Cholinergic Antagonists
Cyclooxygenase 2 Inhibitors
Cyclooxygenase Inhibitors
Dopamine Uptake Inhibitors
Enzyme Inhibitors
Expectorants
GABA-A Receptor Agonists
Histamine H1 Antagonists, Non-Sedating
Histamine H2 Antagonists
Leukotriene Antagonists
Muscle Relaxants, Central
NA
Narcotics
Neuroprotective Agents
Parasympatholytics
Proton Pump Inhibitors
Purinergic P1 Receptor Antagonists
Serotonin Receptor Agonists
Surface-Active Agents
Sympathomimetics
Tranquilizing Agents
Vitamin B Complex
Voltage-Gated Sodium Channel Blockers
===== phenotype 8=================================================================
proportion of pts: 0.246727489092
lambda: 10999.0203472
----------------------------------------
----------------------------------------
Adrenergic beta-1 Receptor Antagonists
Analgesics, Non-Narcotic
Anti-Allergic Agents
Antihypertensive Agents
Antimalarials
Antioxidants
Bone Density Conservation Agents
Cardiotonic Agents
Cyclooxygenase 2 Inhibitors
Cyclooxygenase Inhibitors
Hydroxymethylglutaryl-CoA Reductase Inhibitors
Hypoglycemic Agents
Hypolipidemic Agents
NA
Nucleic Acid Synthesis Inhibitors
Proton Pump Inhibitors
Sodium Chloride Symporter Inhibitors
Topoisomerase II Inhibitors
Trace Elements
Vasodilator Agents
Vitamin B Complex
Vitamins
===== phenotype 47=================================================================
proportion of pts: 0.155493851646
lambda: 10802.0257207
----------------------------------------
----------------------------------------
Adrenergic alpha-2 Receptor Agonists
Adrenergic beta-1 Receptor Antagonists
Analgesics, Non-Narcotic
Anesthetics, Intravenous
Anesthetics, Local
Angiotensin II Type 1 Receptor Blockers
Anti-Allergic Agents
Anti-Anxiety Agents
Anti-Bacterial Agents
Anti-Inflammatory Agents
Anti-Inflammatory Agents, Non-Steroidal
Antidepressive Agents, Second-Generation
Antihypertensive Agents
Antimanic Agents
Antineoplastic Agents, Hormonal
Antitussive Agents
Bone Density Conservation Agents
Cardiotonic Agents
Cathartics
Cyclooxygenase 2 Inhibitors
Cyclooxygenase Inhibitors
Enzyme Inhibitors
Fibrinolytic Agents
GABA Modulators
GABA-A Receptor Agonists
Histamine H1 Antagonists
Histamine H1 Antagonists, Non-Sedating
Hydroxymethylglutaryl-CoA Reductase Inhibitors
Hypoglycemic Agents
Hypolipidemic Agents
Immunosuppressive Agents
NA
Narcotics
Proton Pump Inhibitors
Rodenticides
Sodium Chloride Symporter Inhibitors
Sodium Potassium Chloride Symporter Inhibitors
Surface-Active Agents
Topoisomerase II Inhibitors
Tranquilizing Agents
Vasodilator Agents
Vitamin B Complex
Vitamins
Voltage-Gated Sodium Channel Blockers
===== phenotype 30=================================================================
proportion of pts: 0.176120587069
lambda: 10768.964021
----------------------------------------
----------------------------------------
5-alpha Reductase Inhibitors
Adrenergic alpha-1 Receptor Antagonists
Adrenergic beta-1 Receptor Antagonists
Analgesics, Non-Narcotic
Anti-Allergic Agents
Anti-Bacterial Agents
Anti-Inflammatory Agents
Antidepressive Agents, Second-Generation
Antimanic Agents
Antineoplastic Agents, Hormonal
Bone Density Conservation Agents
Cardiotonic Agents
Cathartics
Cyclooxygenase Inhibitors
Fibrinolytic Agents
Free Radical Scavengers
GABA Modulators
GABA-A Receptor Agonists
Gastrointestinal Agents
Histamine H1 Antagonists
Histamine H1 Antagonists, Non-Sedating
Hydroxymethylglutaryl-CoA Reductase Inhibitors
Mineralocorticoid Receptor Antagonists
Muscarinic Antagonists
NA
Parasympatholytics
Phosphodiesterase 5 Inhibitors
Preservatives, Pharmaceutical
Proton Pump Inhibitors
Rodenticides
Sodium Chloride Symporter Inhibitors
Sodium Potassium Chloride Symporter Inhibitors
Surface-Active Agents
Sympatholytics
Topoisomerase II Inhibitors
Tubulin Modulators
Vasodilator Agents
Voltage-Gated Sodium Channel Blockers
===== phenotype 7=================================================================
proportion of pts: 0.188020626735
lambda: 10765.5592257
----------------------------------------
----------------------------------------
Adrenergic Uptake Inhibitors
Adrenergic alpha-2 Receptor Agonists
Adrenergic beta-1 Receptor Antagonists
Analgesics, Non-Narcotic
Angiotensin II Type 1 Receptor Blockers
Anti-Allergic Agents
Anti-Anxiety Agents
Anti-Bacterial Agents
Antidepressive Agents, Second-Generation
Antidiarrheals
Antihypertensive Agents
Antimanic Agents
Antiviral Agents
Bone Density Conservation Agents
Cardiotonic Agents
Cyclooxygenase Inhibitors
Dopamine Antagonists
Dopamine Uptake Inhibitors
Estrogens
Free Radical Scavengers
GABA Modulators
GABA-A Receptor Agonists
GABA-B Receptor Agonists
Histamine H1 Antagonists, Non-Sedating
Hydroxymethylglutaryl-CoA Reductase Inhibitors
Hypoglycemic Agents
NA
Narcotics
Proton Pump Inhibitors
Serotonin Receptor Agonists
Serotonin Uptake Inhibitors
Sodium Chloride Symporter Inhibitors
Sodium Potassium Chloride Symporter Inhibitors
Surface-Active Agents
Topoisomerase II Inhibitors
Tranquilizing Agents
Tubulin Modulators
Vasodilator Agents
Vitamin B Complex
===== phenotype 44=================================================================
proportion of pts: 0.191590638635
lambda: 10670.2329867
----------------------------------------
----------------------------------------
14-alpha Demethylase Inhibitors
Adrenergic Uptake Inhibitors
Adrenergic beta-1 Receptor Antagonists
Analgesics, Non-Narcotic
Angiogenesis Inhibitors
Angiotensin II Type 1 Receptor Blockers
Antacids
Anti-Allergic Agents
Anti-Bacterial Agents
Anti-Infective Agents, Urinary
Anti-Inflammatory Agents
Antimalarials
Antimanic Agents
Antimutagenic Agents
Antitussive Agents
Bone Density Conservation Agents
Cardiotonic Agents
Chelating Agents
Cyclooxygenase Inhibitors
Dopamine Antagonists
Estrogens
Gastrointestinal Agents
Glucocorticoids
Hematinics
Hydroxymethylglutaryl-CoA Reductase Inhibitors
Hypoglycemic Agents
Immunosuppressive Agents
Myeloablative Agonists
NA
Narcotics
Parasympatholytics
Proton Pump Inhibitors
Radiation-Sensitizing Agents
Rodenticides
Sodium Chloride Symporter Inhibitors
Sodium Potassium Chloride Symporter Inhibitors
Surface-Active Agents
Topoisomerase II Inhibitors
Vasodilator Agents
Vitamin B Complex
Voltage-Gated Sodium Channel Blockers
===== phenotype 19=================================================================
proportion of pts: 0.220150733836
lambda: 10650.612288
----------------------------------------
----------------------------------------
14-alpha Demethylase Inhibitors
Analgesics, Non-Narcotic
Anti-Allergic Agents
Anti-Bacterial Agents
Anti-HIV Agents
Anti-Inflammatory Agents
Antidepressive Agents, Second-Generation
Antineoplastic Agents, Hormonal
Antioxidants
Bone Density Conservation Agents
Cyclooxygenase Inhibitors
Enzyme Inhibitors
Estrogens
Excitatory Amino Acid Antagonists
Food Additives
GABA Modulators
Gastrointestinal Agents
Glucocorticoids
Histamine H1 Antagonists
Histamine H1 Antagonists, Non-Sedating
Hydroxymethylglutaryl-CoA Reductase Inhibitors
Immunosuppressive Agents
Keratolytic Agents
Mineralocorticoid Receptor Antagonists
NA
Neuroprotective Agents
Nucleic Acid Synthesis Inhibitors
Proton Pump Inhibitors
Purinergic P1 Receptor Antagonists
Serotonin Uptake Inhibitors
Sodium Chloride Symporter Inhibitors
Vasodilator Agents
Voltage-Gated Sodium Channel Blockers
===== phenotype 16=================================================================
proportion of pts: 0.232447441491
lambda: 10569.5655506
----------------------------------------
----------------------------------------
14-alpha Demethylase Inhibitors
Adrenergic Uptake Inhibitors
Adrenergic alpha-1 Receptor Antagonists
Adrenergic beta-1 Receptor Antagonists
Analgesics, Non-Narcotic
Angiotensin II Type 1 Receptor Blockers
Anti-Allergic Agents
Anti-Anxiety Agents
Anti-Bacterial Agents
Anti-Infective Agents, Urinary
Antifungal Agents
Antihypertensive Agents
Antimalarials
Bone Density Conservation Agents
Cyclooxygenase Inhibitors
Estrogens
GABA Modulators
GABA-A Receptor Agonists
Histamine H1 Antagonists, Non-Sedating
Histamine H2 Antagonists
Hydroxymethylglutaryl-CoA Reductase Inhibitors
Hypoglycemic Agents
Hypolipidemic Agents
Muscarinic Antagonists
NA
Parasympatholytics
Proton Pump Inhibitors
Sodium Chloride Symporter Inhibitors
Sodium Potassium Chloride Symporter Inhibitors
Topoisomerase II Inhibitors
Tranquilizing Agents
Vasodilator Agents
Vitamins
===== phenotype 41=================================================================
proportion of pts: 0.154303847679
lambda: 10469.5574473
----------------------------------------
----------------------------------------
14-alpha Demethylase Inhibitors
Adrenergic Uptake Inhibitors
Adrenergic alpha-1 Receptor Antagonists
Adrenergic beta-1 Receptor Antagonists
Adrenergic beta-2 Receptor Agonists
Analgesics, Non-Narcotic
Androgens
Angiogenesis Inhibitors
Anti-Allergic Agents
Anti-Anxiety Agents
Anti-Asthmatic Agents
Anti-Bacterial Agents
Antidepressive Agents, Second-Generation
Antimalarials
Antimanic Agents
Antineoplastic Agents
Antineoplastic Agents, Alkylating
Antineoplastic Agents, Hormonal
Antioxidants
Antiviral Agents
Bone Density Conservation Agents
Cannabinoid Receptor Agonists
Cardiotonic Agents
Cathartics
Central Nervous System Depressants
Cyclooxygenase Inhibitors
Dopamine Antagonists
Enzyme Inhibitors
Fibrinolytic Agents
Flavoring Agents
Free Radical Scavengers
GABA Modulators
GABA-A Receptor Agonists
Gasotransmitters
Gastrointestinal Agents
Histamine Antagonists
Histamine H1 Antagonists
Histamine H1 Antagonists, Non-Sedating
Histamine H2 Antagonists
Hypnotics and Sedatives
Hypoglycemic Agents
Hypolipidemic Agents
Immunologic Factors
Indicators and Reagents
Keratolytic Agents
Myeloablative Agonists
NA
Narcotics
Proton Pump Inhibitors
Rodenticides
Sodium Potassium Chloride Symporter Inhibitors
Surface-Active Agents
Topoisomerase II Inhibitors
Trace Elements
Vasoconstrictor Agents
Vasodilator Agents
Vitamin B Complex
Vitamins
Voltage-Gated Sodium Channel Blockers
===== phenotype 49=================================================================
proportion of pts: 0.18286394288
lambda: 10353.2434527
----------------------------------------
----------------------------------------
14-alpha Demethylase Inhibitors
Adrenergic alpha-1 Receptor Antagonists
Adrenergic beta-1 Receptor Antagonists
Analgesics, Non-Narcotic
Antidepressive Agents, Second-Generation
Antidiarrheals
Cathartics
Cyclooxygenase Inhibitors
Diuretics, Osmotic
Explosive Agents
GABA Modulators
Histamine H2 Antagonists
Hormones
Hydroxymethylglutaryl-CoA Reductase Inhibitors
Hypoglycemic Agents
Hypolipidemic Agents
Immunosuppressive Agents
Narcotics
Nitric Oxide Donors
Proton Pump Inhibitors
Purinergic P2Y Receptor Antagonists
Sodium Potassium Chloride Symporter Inhibitors
Tissue Adhesives
===== phenotype 0=================================================================
proportion of pts: 0.201110670369
lambda: 10289.0201778
----------------------------------------
----------------------------------------
Adrenergic Uptake Inhibitors
Adrenergic alpha-1 Receptor Antagonists
Adrenergic beta-1 Receptor Antagonists
Adrenergic beta-Antagonists
Analgesics, Non-Narcotic
Angiotensin II Type 1 Receptor Blockers
Anti-Allergic Agents
Anti-Asthmatic Agents
Anti-Bacterial Agents
Antimanic Agents
Antimutagenic Agents
Antineoplastic Agents, Hormonal
Bone Density Conservation Agents
Cardiotonic Agents
Cyclooxygenase Inhibitors
Emollients
Enzyme Inhibitors
Explosive Agents
Fatty Acid Synthesis Inhibitors
Fertility Agents, Female
Free Radical Scavengers
GABA Modulators
GABA-A Receptor Agonists
Histamine H1 Antagonists, Non-Sedating
Hydroxymethylglutaryl-CoA Reductase Inhibitors
Hypoglycemic Agents
Immunosuppressive Agents
Mineralocorticoid Receptor Antagonists
NA
Neuroprotective Agents
Nucleic Acid Synthesis Inhibitors
Proton Pump Inhibitors
Purinergic P2Y Receptor Antagonists
Surface-Active Agents
Tranquilizing Agents
Tubulin Modulators
Vasodilator Agents
Voltage-Gated Sodium Channel Blockers
===== phenotype 48=================================================================
proportion of pts: 0.201904006347
lambda: 10156.2711948
----------------------------------------
----------------------------------------
Adrenergic beta-2 Receptor Agonists
Analgesics, Non-Narcotic
Antacids
Anti-Allergic Agents
Anti-Bacterial Agents
Anti-Infective Agents, Urinary
Anti-Inflammatory Agents
Anti-Obesity Agents
Antidepressive Agents, Second-Generation
Antihypertensive Agents
Antineoplastic Agents, Alkylating
Antineoplastic Agents, Hormonal
Antioxidants
Bone Density Conservation Agents
Cardiotonic Agents
Cyclooxygenase Inhibitors
Dopamine Antagonists
Dopamine Uptake Inhibitors
Estrogens
Expectorants
GABA-A Receptor Agonists
Glucocorticoids
Histamine H1 Antagonists
Histamine H1 Antagonists, Non-Sedating
Hydroxymethylglutaryl-CoA Reductase Inhibitors
Muscarinic Antagonists
NA
Nucleic Acid Synthesis Inhibitors
Parasympatholytics
Proton Pump Inhibitors
Radiation-Sensitizing Agents
Rodenticides
Sodium Chloride Symporter Inhibitors
Topoisomerase II Inhibitors
Vasodilator Agents
Vitamin B Complex
Vitamins
===== phenotype 35=================================================================
proportion of pts: 0.209440698136
lambda: 10122.4538194
----------------------------------------
----------------------------------------
5-alpha Reductase Inhibitors
Adrenergic beta-1 Receptor Antagonists
Antacids
Anti-Bacterial Agents
Anticholesteremic Agents
Antihypertensive Agents
Antimutagenic Agents
Bone Density Conservation Agents
Cardiotonic Agents
Central Nervous System Depressants
Cyclooxygenase Inhibitors
Estrogen Antagonists
Expectorants
Explosive Agents
Hydroxymethylglutaryl-CoA Reductase Inhibitors
Hypolipidemic Agents
NA
Nootropic Agents
Phosphodiesterase 5 Inhibitors
Proton Pump Inhibitors
Radiation-Protective Agents
Rodenticides
Sodium Chloride Symporter Inhibitors
Topoisomerase II Inhibitors
Trace Elements
Vitamin B Complex
Vitamins
===== phenotype 45=================================================================
proportion of pts: 0.196747322491
lambda: 9935.04682899
----------------------------------------
----------------------------------------
14-alpha Demethylase Inhibitors
Adrenergic Uptake Inhibitors
Adrenergic alpha-2 Receptor Agonists
Analgesics, Non-Narcotic
Angiotensin II Type 1 Receptor Blockers
Anti-Allergic Agents
Anti-Bacterial Agents
Anti-Infective Agents, Urinary
Antihypertensive Agents
Antimalarials
Antimanic Agents
Antimetabolites, Antineoplastic
Bone Density Conservation Agents
Cardiotonic Agents
Cathartics
Cyclooxygenase Inhibitors
Dermatologic Agents
Enzyme Inhibitors
Glucocorticoids
Histamine H1 Antagonists, Non-Sedating
Histamine H2 Antagonists
Hydroxymethylglutaryl-CoA Reductase Inhibitors
Hypoglycemic Agents
Hypolipidemic Agents
Immunosuppressive Agents
Mineralocorticoid Receptor Antagonists
NA
Nucleic Acid Synthesis Inhibitors
Parasympatholytics
Plant Growth Regulators
Sodium Chloride Symporter Inhibitors
Sodium Potassium Chloride Symporter Inhibitors
Surface-Active Agents
Topoisomerase II Inhibitors
Trypsin Inhibitors
Tubulin Modulators
Vasoconstrictor Agents
Vasodilator Agents
Vitamin B Complex
Vitamins
===== phenotype 33=================================================================
proportion of pts: 0.190797302658
lambda: 9879.34687676
----------------------------------------
----------------------------------------
Adrenergic Uptake Inhibitors
Adrenergic alpha-2 Receptor Agonists
Adrenergic beta-1 Receptor Antagonists
Analgesics, Non-Narcotic
Antacids
Anti-Allergic Agents
Anti-Bacterial Agents
Anti-Inflammatory Agents
Anti-Inflammatory Agents, Non-Steroidal
Antihypertensive Agents
Antineoplastic Agents, Hormonal
Antitussive Agents
Bone Density Conservation Agents
Cyclooxygenase 2 Inhibitors
Cyclooxygenase Inhibitors
Emollients
Estrogens
GABA Modulators
Glucocorticoids
Histamine H1 Antagonists, Non-Sedating
Histamine H2 Antagonists
Immunosuppressive Agents
Muscarinic Agonists
NA
Narcotics
Proton Pump Inhibitors
Sodium Chloride Symporter Inhibitors
Topoisomerase II Inhibitors
Vasodilator Agents
Vitamin B Complex
Vitamins
===== phenotype 18=================================================================
proportion of pts: 0.199920666402
lambda: 9846.98315277
----------------------------------------
----------------------------------------
14-alpha Demethylase Inhibitors
Adrenergic Uptake Inhibitors
Adrenergic beta-1 Receptor Antagonists
Analgesics, Non-Narcotic
Androgens
Anti-Allergic Agents
Anti-Anxiety Agents
Anti-Bacterial Agents
Anti-Inflammatory Agents
Antifungal Agents
Antihypertensive Agents
Antimalarials
Antimanic Agents
Antineoplastic Agents, Alkylating
Bone Density Conservation Agents
Calcium Channel Blockers
Cardiotonic Agents
Cyclooxygenase Inhibitors
Dopamine Antagonists
Dopamine Uptake Inhibitors
GABA Modulators
GABA-A Receptor Agonists
Glucocorticoids
Hypoglycemic Agents
Hypolipidemic Agents
Immunosuppressive Agents
Muscle Relaxants, Central
NA
Narcotics
Parasympatholytics
Phosphodiesterase 5 Inhibitors
Proton Pump Inhibitors
Radiation-Protective Agents
Radiation-Sensitizing Agents
Serotonin Uptake Inhibitors
Sodium Chloride Symporter Inhibitors
Sweetening Agents
Vasodilator Agents
===== phenotype 34=================================================================
proportion of pts: 0.181673938913
lambda: 9799.90767211
----------------------------------------
----------------------------------------
Adrenergic beta-1 Receptor Antagonists
Adrenergic beta-2 Receptor Agonists
Analgesics, Non-Narcotic
Antacids
Anti-Allergic Agents
Anti-Bacterial Agents
Antidepressive Agents, Second-Generation
Antimanic Agents
Antioxidants
Bone Density Conservation Agents
Calcium Channel Blockers
Cardiotonic Agents
Cathartics
Central Nervous System Depressants
Cholinergic Antagonists
Cyclooxygenase 2 Inhibitors
Cyclooxygenase Inhibitors
Dopamine Agonists
Dopamine Uptake Inhibitors
Enzyme Inhibitors
Food Additives
GABA Modulators
GABA-A Receptor Agonists
Gastrointestinal Agents
Histamine H1 Antagonists, Non-Sedating
Histamine H2 Antagonists
Hydroxymethylglutaryl-CoA Reductase Inhibitors
Muscle Relaxants, Central
NA
Narcotics
Preservatives, Pharmaceutical
Proton Pump Inhibitors
Serotonin 5-HT1 Receptor Agonists
Serotonin Uptake Inhibitors
Surface-Active Agents
Topoisomerase II Inhibitors
Trace Elements
Tranquilizing Agents
Vasodilator Agents
Vitamin B Complex
Vitamins
Voltage-Gated Sodium Channel Blockers
===== phenotype 46=================================================================
proportion of pts: 0.20071400238
lambda: 9763.93805481
----------------------------------------
----------------------------------------
Adrenergic alpha-2 Receptor Agonists
Analgesics, Non-Narcotic
Anti-Allergic Agents
Anti-Bacterial Agents
Antidepressive Agents, Second-Generation
Antihypertensive Agents
Antimanic Agents
Antineoplastic Agents, Hormonal
Antioxidants
Bone Density Conservation Agents
Cardiotonic Agents
Cyclooxygenase Inhibitors
Estrogens
GABA Modulators
GABA-A Receptor Agonists
Histamine H1 Antagonists, Non-Sedating
Hydroxymethylglutaryl-CoA Reductase Inhibitors
Hypoglycemic Agents
Immunosuppressive Agents
Muscarinic Antagonists
Muscle Relaxants, Central
NA
Narcotics
Neuroprotective Agents
Nicotinic Agonists
Nucleic Acid Synthesis Inhibitors
Proton Pump Inhibitors
Purinergic P1 Receptor Antagonists
Radiation-Protective Agents
Serotonin 5-HT1 Receptor Agonists
Sodium Chloride Symporter Inhibitors
Trace Elements
Tranquilizing Agents
Tubulin Modulators
Vasodilator Agents
Vitamins
Voltage-Gated Sodium Channel Blockers
===== phenotype 12=================================================================
proportion of pts: 0.170170567235
lambda: 9457.60593457
----------------------------------------
----------------------------------------
Adrenergic alpha-1 Receptor Antagonists
Adrenergic alpha-2 Receptor Agonists
Adrenergic beta-1 Receptor Antagonists
Analgesics, Non-Narcotic
Anesthetics
Anesthetics, Intravenous
Angiotensin II Type 1 Receptor Blockers
Anti-Allergic Agents
Anti-Anxiety Agents
Anti-Bacterial Agents
Antidepressive Agents, Second-Generation
Antineoplastic Agents, Hormonal
Antioxidants
Bone Density Conservation Agents
Cardiotonic Agents
Cyclooxygenase Inhibitors
Enzyme Inhibitors
Explosive Agents
GABA Modulators
Hydroxymethylglutaryl-CoA Reductase Inhibitors
Immunosuppressive Agents
Indicators and Reagents
NA
Narcotics
Nucleic Acid Synthesis Inhibitors
Parasympatholytics
Proton Pump Inhibitors
Sodium Chloride Symporter Inhibitors
Surface-Active Agents
Topoisomerase II Inhibitors
Trace Elements
Tubulin Modulators
Vasodilator Agents
Vitamin B Complex
Vitamins
===== phenotype 42=================================================================
proportion of pts: 0.181277270924
lambda: 9023.40244265
----------------------------------------
----------------------------------------
Adrenergic alpha-1 Receptor Antagonists
Adrenergic alpha-2 Receptor Agonists
Adrenergic beta-1 Receptor Antagonists
Adrenergic beta-2 Receptor Agonists
Analgesics, Non-Narcotic
Angiotensin II Type 1 Receptor Blockers
Antacids
Anti-Allergic Agents
Anti-Asthmatic Agents
Anticholesteremic Agents
Antihypertensive Agents
Antimanic Agents
Antineoplastic Agents, Hormonal
Antioxidants
Bone Density Conservation Agents
Cathartics
Cholinergic Antagonists
Cyclooxygenase Inhibitors
Expectorants
Free Radical Scavengers
Histamine H1 Antagonists, Non-Sedating
Hydroxymethylglutaryl-CoA Reductase Inhibitors
Hypoglycemic Agents
Leukotriene Antagonists
NA
Narcotics
Proton Pump Inhibitors
Sodium Chloride Symporter Inhibitors
Sodium Potassium Chloride Symporter Inhibitors
Surface-Active Agents
Sympathomimetics
Trace Elements
Tubulin Modulators
Vasoconstrictor Agents
Vasodilator Agents
Vitamin B Complex
Vitamins
===== phenotype 20=================================================================
proportion of pts: 0.17215390718
lambda: 9011.80497541
----------------------------------------
----------------------------------------
5-alpha Reductase Inhibitors
Adrenergic alpha-1 Receptor Antagonists
Adrenergic alpha-2 Receptor Agonists
Adrenergic beta-1 Receptor Antagonists
Analgesics, Non-Narcotic
Androgens
Anesthetics, Intravenous
Anesthetics, Local
Angiotensin II Type 1 Receptor Blockers
Anti-Allergic Agents
Anti-Asthmatic Agents
Anti-Bacterial Agents
Anti-Infective Agents, Local
Anti-Inflammatory Agents, Non-Steroidal
Antidepressive Agents, Second-Generation
Antifungal Agents
Antimalarials
Antimanic Agents
Antioxidants
Bone Density Conservation Agents
Cardiotonic Agents
Cyclooxygenase Inhibitors
Dipeptidyl-Peptidase IV Inhibitors
Excitatory Amino Acid Antagonists
Explosive Agents
GABA Modulators
Hematinics
Hydroxymethylglutaryl-CoA Reductase Inhibitors
Hypoglycemic Agents
Immunosuppressive Agents
NA
Nitric Oxide Donors
Nootropic Agents
Proton Pump Inhibitors
Rodenticides
Serotonin Uptake Inhibitors
Sodium Chloride Symporter Inhibitors
Sodium Potassium Chloride Symporter Inhibitors
Surface-Active Agents
Sweetening Agents
Trace Elements
Tubulin Modulators
Vasodilator Agents
Vitamin B Complex
===== phenotype 4=================================================================
proportion of pts: 0.15787385958
lambda: 8963.90453163
----------------------------------------
----------------------------------------
Adrenergic alpha-2 Receptor Agonists
Analgesics, Non-Narcotic
Anesthetics, Intravenous
Anti-Allergic Agents
Anti-Bacterial Agents
Anti-Inflammatory Agents
Antifungal Agents
Antihypertensive Agents
Antimanic Agents
Bone Density Conservation Agents
Calcium Channel Blockers
Cardiotonic Agents
Cathartics
Cyclooxygenase 2 Inhibitors
Cyclooxygenase Inhibitors
Dopamine Agonists
Dopamine Uptake Inhibitors
Enzyme Inhibitors
Fibrinolytic Agents
GABA Modulators
Gastrointestinal Agents
Glucocorticoids
Histamine H1 Antagonists, Non-Sedating
Hydroxymethylglutaryl-CoA Reductase Inhibitors
Hypoglycemic Agents
Immunosuppressive Agents
NA
Narcotics
Nucleic Acid Synthesis Inhibitors
Parasympatholytics
Plasma Substitutes
Proton Pump Inhibitors
Purinergic P2Y Receptor Antagonists
Reproductive Control Agents
Sodium Chloride Symporter Inhibitors
Surface-Active Agents
Tranquilizing Agents
Tubulin Modulators
Vasodilator Agents
Voltage-Gated Sodium Channel Blockers
===== phenotype 1=================================================================
proportion of pts: 0.217770725902
lambda: 8849.32057213
----------------------------------------
----------------------------------------
Adrenergic Uptake Inhibitors
Adrenergic alpha-2 Receptor Agonists
Analgesics, Non-Narcotic
Anesthetics, Local
Angiotensin II Type 1 Receptor Blockers
Antacids
Anti-Asthmatic Agents
Anti-Inflammatory Agents, Non-Steroidal
Antidepressive Agents, Second-Generation
Antimalarials
Antimanic Agents
Antineoplastic Agents, Hormonal
Antipsychotic Agents
Antiviral Agents
Bone Density Conservation Agents
Calcium Channel Blockers
Cyclooxygenase 2 Inhibitors
Dopamine Antagonists
Dopamine Uptake Inhibitors
Enzyme Inhibitors
Flavoring Agents
GABA Modulators
GABA-A Receptor Agonists
Hypnotics and Sedatives
Immunosuppressive Agents
Muscle Relaxants, Central
NA
Narcotics
Neuroprotective Agents
Nucleic Acid Synthesis Inhibitors
Sensory System Agents
Serotonin Uptake Inhibitors
Trace Elements
Tranquilizing Agents
Vitamin B Complex
Vitamins
Voltage-Gated Sodium Channel Blockers
===== phenotype 3=================================================================
proportion of pts: 0.150337167791
lambda: 8827.17878665
----------------------------------------
----------------------------------------
Adrenergic alpha-1 Receptor Antagonists
Adrenergic alpha-2 Receptor Agonists
Adrenergic beta-1 Receptor Antagonists
Adrenergic beta-2 Receptor Agonists
Analgesics, Non-Narcotic
Anesthetics, Intravenous
Angiotensin II Type 1 Receptor Blockers
Anti-Allergic Agents
Anti-Asthmatic Agents
Anti-Bacterial Agents
Anticholesteremic Agents
Antidepressive Agents, Second-Generation
Antihypertensive Agents
Antineoplastic Agents, Alkylating
Antioxidants
Cardiotonic Agents
Cyclooxygenase Inhibitors
Explosive Agents
Histamine H1 Antagonists, Non-Sedating
Hydroxymethylglutaryl-CoA Reductase Inhibitors
Hypoglycemic Agents
Hypolipidemic Agents
Muscarinic Antagonists
NA
Narcotics
Parasympatholytics
Phosphodiesterase 5 Inhibitors
Proton Pump Inhibitors
Purinergic P2Y Receptor Antagonists
Sodium Chloride Symporter Inhibitors
Tissue Adhesives
Tubulin Modulators
Vasodilator Agents
Vitamin B Complex
Voltage-Gated Sodium Channel Blockers
===== phenotype 6=================================================================
proportion of pts: 0.174137247124
lambda: 8724.33524441
----------------------------------------
----------------------------------------
Adrenergic alpha-1 Receptor Antagonists
Adrenergic beta-2 Receptor Agonists
Angiogenesis Inhibitors
Antacids
Anti-Allergic Agents
Anti-Asthmatic Agents
Anti-Bacterial Agents
Anti-Inflammatory Agents
Anti-Obesity Agents
Anti-Ulcer Agents
Antidepressive Agents, Second-Generation
Antidiarrheals
Antihypertensive Agents
Antimanic Agents
Antioxidants
Antipsychotic Agents
Aromatase Inhibitors
Bone Density Conservation Agents
Cyclooxygenase Inhibitors
Dopamine Antagonists
Dopamine Uptake Inhibitors
Estrogens
GABA Modulators
Glucocorticoids
Histamine H1 Antagonists
Histamine H1 Antagonists, Non-Sedating
Histamine H2 Antagonists
Hydroxymethylglutaryl-CoA Reductase Inhibitors
Hypoglycemic Agents
Leukotriene Antagonists
Mineralocorticoid Receptor Antagonists
NA
Preservatives, Pharmaceutical
Progestins
Proton Pump Inhibitors
Serotonin 5-HT1 Receptor Agonists
Serotonin Uptake Inhibitors
Sodium Chloride Symporter Inhibitors
Trace Elements
Tubulin Modulators
Vitamin B Complex
Voltage-Gated Sodium Channel Blockers
===== phenotype 11=================================================================
proportion of pts: 0.231654105514
lambda: 8699.03990147
----------------------------------------
----------------------------------------
Adrenergic alpha-1 Receptor Antagonists
Adrenergic beta-1 Receptor Antagonists
Angiotensin II Type 1 Receptor Blockers
Antacids
Anti-Allergic Agents
Anti-Bacterial Agents
Antidepressive Agents, Second-Generation
Antifungal Agents
Antihypertensive Agents
Antimalarials
Antimanic Agents
Antineoplastic Agents, Hormonal
Bone Density Conservation Agents
Cyclooxygenase Inhibitors
Histamine H1 Antagonists, Non-Sedating
Hydroxymethylglutaryl-CoA Reductase Inhibitors
Hypolipidemic Agents
Immunosuppressive Agents
NA
Narcotics
Nucleic Acid Synthesis Inhibitors
Proton Pump Inhibitors
Radiation-Protective Agents
Sodium Potassium Chloride Symporter Inhibitors
Tranquilizing Agents
Vasodilator Agents
Vitamin B Complex
Vitamins
===== phenotype 36=================================================================
proportion of pts: 0.195160650536
lambda: 8627.76879153
----------------------------------------
----------------------------------------
5-alpha Reductase Inhibitors
Adrenergic alpha-1 Receptor Antagonists
Adrenergic alpha-2 Receptor Agonists
Adrenergic beta-1 Receptor Antagonists
Analgesics, Non-Narcotic
Anesthetics, Intravenous
Antacids
Anti-Allergic Agents
Anti-Bacterial Agents
Anti-Inflammatory Agents
Anti-Inflammatory Agents, Non-Steroidal
Antidepressive Agents, Second-Generation
Antihypertensive Agents
Antimalarials
Antineoplastic Agents, Hormonal
Bone Density Conservation Agents
Cardiotonic Agents
Cathartics
Cholinergic Antagonists
Cyclooxygenase Inhibitors
Enzyme Inhibitors
GABA Modulators
GABA-A Receptor Agonists
Gastrointestinal Agents
Hydroxymethylglutaryl-CoA Reductase Inhibitors
Immunosuppressive Agents
NA
Neuroprotective Agents
Nucleic Acid Synthesis Inhibitors
Parasympatholytics
Radiation-Sensitizing Agents
Rodenticides
Sodium Chloride Symporter Inhibitors
Sodium Potassium Chloride Symporter Inhibitors
Surface-Active Agents
Topoisomerase II Inhibitors
Trace Elements
Vasodilator Agents
Vitamin B Complex
Vitamins
===== phenotype 29=================================================================
proportion of pts: 0.168187227291
lambda: 8495.89160691
----------------------------------------
----------------------------------------
5-alpha Reductase Inhibitors
Adrenergic alpha-1 Receptor Antagonists
Adrenergic beta-1 Receptor Antagonists
Anabolic Agents
Analgesics, Non-Narcotic
Androgens
Angiotensin II Type 1 Receptor Blockers
Anti-Allergic Agents
Anti-Inflammatory Agents
Anti-Inflammatory Agents, Non-Steroidal
Antidepressive Agents, Second-Generation
Antihypertensive Agents
Antimutagenic Agents
Bone Density Conservation Agents
Cyclooxygenase Inhibitors
Gastrointestinal Agents
Glucocorticoids
Histamine H1 Antagonists, Non-Sedating
Hydroxymethylglutaryl-CoA Reductase Inhibitors
Immunosuppressive Agents
NA
Nucleic Acid Synthesis Inhibitors
Phosphodiesterase 5 Inhibitors
Platelet Aggregation Inhibitors
Proton Pump Inhibitors
Sodium Chloride Symporter Inhibitors
Sodium Potassium Chloride Symporter Inhibitors
Topoisomerase II Inhibitors
Tubulin Modulators
Vasodilator Agents
Vitamins
===== phenotype 24=================================================================
proportion of pts: 0.161840539468
lambda: 8461.33997049
----------------------------------------
----------------------------------------
14-alpha Demethylase Inhibitors
Adrenergic Uptake Inhibitors
Adrenergic beta-1 Receptor Antagonists
Analgesics, Non-Narcotic
Anti-Allergic Agents
Anti-Bacterial Agents
Anti-Obesity Agents
Antidepressive Agents, Second-Generation
Antimanic Agents
Antipsychotic Agents
Antitussive Agents
Antiviral Agents
Calcium Channel Blockers
Cardiotonic Agents
Central Nervous System Depressants
Cholinergic Antagonists
Cyclooxygenase Inhibitors
Dermatologic Agents
Dopamine Antagonists
Dopamine Uptake Inhibitors
Expectorants
GABA Modulators
Histamine H1 Antagonists
Histamine H1 Antagonists, Non-Sedating
Histamine H2 Antagonists
Hydroxymethylglutaryl-CoA Reductase Inhibitors
Immunosuppressive Agents
NA
Narcotics
Nasal Decongestants
Parasympatholytics
Proton Pump Inhibitors
Serotonin Uptake Inhibitors
Topoisomerase II Inhibitors
Vasoconstrictor Agents
Vasodilator Agents
Voltage-Gated Sodium Channel Blockers
===== phenotype 17=================================================================
proportion of pts: 0.215787385958
lambda: 8150.76322386
----------------------------------------
----------------------------------------
Adrenergic alpha-2 Receptor Agonists
Adrenergic beta-1 Receptor Antagonists
Analgesics, Non-Narcotic
Angiotensin II Type 1 Receptor Blockers
Anti-Allergic Agents
Anti-Bacterial Agents
Antidepressive Agents, Second-Generation
Antihypertensive Agents
Bone Density Conservation Agents
Cardiotonic Agents
Cyclooxygenase Inhibitors
Dipeptidyl-Peptidase IV Inhibitors
Enzyme Inhibitors
Expectorants
Explosive Agents
Free Radical Scavengers
GABA Modulators
Glucocorticoids
Hydroxymethylglutaryl-CoA Reductase Inhibitors
Hypoglycemic Agents
Immunosuppressive Agents
Mineralocorticoid Receptor Antagonists
NA
Purinergic P2Y Receptor Antagonists
Sodium Chloride Symporter Inhibitors
Sodium Potassium Chloride Symporter Inhibitors
Surface-Active Agents
Topoisomerase II Inhibitors
Vasodilator Agents
===== phenotype 10=================================================================
proportion of pts: 0.144783815946
lambda: 8093.88696476
----------------------------------------
----------------------------------------
14-alpha Demethylase Inhibitors
5-alpha Reductase Inhibitors
Adrenergic alpha-1 Receptor Antagonists
Adrenergic alpha-2 Receptor Agonists
Adrenergic beta-1 Receptor Antagonists
Analgesics, Non-Narcotic
Androgens
Angiotensin II Type 1 Receptor Blockers
Anti-Allergic Agents
Anti-Bacterial Agents
Anti-Inflammatory Agents
Anticholesteremic Agents
Antihypertensive Agents
Antineoplastic Agents, Hormonal
Antitubercular Agents
Bone Density Conservation Agents
Carbonic Anhydrase Inhibitors
Cardiotonic Agents
Cathartics
Cyclooxygenase Inhibitors
Enzyme Inhibitors
Food Additives
Free Radical Scavengers
GABA-A Receptor Agonists
Gout Suppressants
Histamine H1 Antagonists, Non-Sedating
Hydroxymethylglutaryl-CoA Reductase Inhibitors
Hypolipidemic Agents
Immunosuppressive Agents
Keratolytic Agents
NA
Nucleic Acid Synthesis Inhibitors
Ointment Bases
Phosphodiesterase 5 Inhibitors
Proton Pump Inhibitors
Rodenticides
Sodium Chloride Symporter Inhibitors
Sodium Potassium Chloride Symporter Inhibitors
Surface-Active Agents
Tubulin Modulators
Vasodilator Agents
Vitamin B Complex
Vitamins
Voltage-Gated Sodium Channel Blockers
===== phenotype 14=================================================================
proportion of pts: 0.192780642602
lambda: 7806.37964235
----------------------------------------
----------------------------------------
14-alpha Demethylase Inhibitors
Adrenergic beta-1 Receptor Antagonists
Analgesics, Non-Narcotic
Angiotensin II Type 1 Receptor Blockers
Antacids
Anti-Allergic Agents
Anti-Bacterial Agents
Antidepressive Agents, Second-Generation
Antihypertensive Agents
Bone Density Conservation Agents
Cardiotonic Agents
Cyclooxygenase Inhibitors
Food Additives
GABA-A Receptor Agonists
Glucocorticoids
Histamine H1 Antagonists, Non-Sedating
Histamine H2 Antagonists
Hydroxymethylglutaryl-CoA Reductase Inhibitors
Hypoglycemic Agents
Immunosuppressive Agents
NA
Narcotics
Nucleic Acid Synthesis Inhibitors
Proton Pump Inhibitors
Purinergic P1 Receptor Antagonists
Rodenticides
Sodium Chloride Symporter Inhibitors
Sodium Potassium Chloride Symporter Inhibitors
Surface-Active Agents
Topoisomerase II Inhibitors
Trace Elements
Tubulin Modulators
Vasodilator Agents
Vitamin B Complex
Vitamins
Voltage-Gated Sodium Channel Blockers
===== phenotype 9=================================================================
proportion of pts: 0.173343911146
lambda: 7391.53815522
----------------------------------------
----------------------------------------
Adrenergic alpha-1 Receptor Antagonists
Adrenergic beta-1 Receptor Antagonists
Analgesics, Non-Narcotic
Angiogenesis Inhibitors
Angiotensin II Type 1 Receptor Blockers
Anti-Allergic Agents
Antidepressive Agents, Second-Generation
Antihypertensive Agents
Antineoplastic Agents
Antioxidants
Bone Density Conservation Agents
Cardiotonic Agents
Cyclooxygenase 2 Inhibitors
Cyclooxygenase Inhibitors
Dopamine Uptake Inhibitors
Explosive Agents
GABA Modulators
GABA-A Receptor Agonists
Histamine H1 Antagonists, Non-Sedating
Hydroxymethylglutaryl-CoA Reductase Inhibitors
Hypoglycemic Agents
Hypolipidemic Agents
Immunosuppressive Agents
Mineralocorticoid Receptor Antagonists
NA
Nootropic Agents
Proton Pump Inhibitors
Serotonin Receptor Agonists
Serotonin Uptake Inhibitors
Sodium Chloride Symporter Inhibitors
Sodium Potassium Chloride Symporter Inhibitors
Tranquilizing Agents
Vasodilator Agents
Vitamin B Complex
Vitamins
===== phenotype 13=================================================================
proportion of pts: 0.154303847679
lambda: 6021.93390783
----------------------------------------
----------------------------------------
Adrenergic alpha-1 Receptor Antagonists
Adrenergic beta-1 Receptor Antagonists
Adrenergic beta-2 Receptor Agonists
Analgesics, Non-Narcotic
Angiotensin II Type 1 Receptor Blockers
Anti-Allergic Agents
Anti-Anxiety Agents
Anti-Bacterial Agents
Antidepressive Agents, Second-Generation
Antihypertensive Agents
Antimanic Agents
Bone Density Conservation Agents
Cardiotonic Agents
Cathartics
Cyclooxygenase Inhibitors
Estrogens
Explosive Agents
GABA Modulators
GABA-A Receptor Agonists
Histamine H1 Antagonists, Non-Sedating
Histamine H2 Antagonists
Hydroxymethylglutaryl-CoA Reductase Inhibitors
NA
Narcotics
Proton Pump Inhibitors
Rodenticides
Sodium Chloride Symporter Inhibitors
Sodium Potassium Chloride Symporter Inhibitors
Surface-Active Agents
Topoisomerase II Inhibitors
Vasodilator Agents
Vitamin B Complex
Vitamins
Voltage-Gated Sodium Channel Blockers
