===== phenotype 39=================================================================
proportion of pts: 0.161047203491
lambda: 6462.33764389
----------------------------------------
----------------------------------------
Adrenergic beta-1 Receptor Antagonists
Cyclooxygenase Inhibitors
Hydroxymethylglutaryl-CoA Reductase Inhibitors
NA
Rodenticides
Sodium Potassium Chloride Symporter Inhibitors
Vasodilator Agents
===== phenotype 19=================================================================
proportion of pts: 0.144387147957
lambda: 5259.01963412
----------------------------------------
----------------------------------------
Anti-Allergic Agents
Anti-Bacterial Agents
Anti-Inflammatory Agents
GABA Modulators
Glucocorticoids
Histamine H1 Antagonists, Non-Sedating
Immunosuppressive Agents
NA
===== phenotype 28=================================================================
proportion of pts: 0.165410551369
lambda: 5109.31355372
----------------------------------------
----------------------------------------
Anti-Allergic Agents
Cyclooxygenase Inhibitors
Histamine H1 Antagonists, Non-Sedating
Hydroxymethylglutaryl-CoA Reductase Inhibitors
NA
Proton Pump Inhibitors
===== phenotype 32=================================================================
proportion of pts: 0.149940499802
lambda: 5045.68046504
----------------------------------------
----------------------------------------
Adrenergic beta-2 Receptor Agonists
Analgesics, Non-Narcotic
Anti-Allergic Agents
Anti-Bacterial Agents
Antimanic Agents
Histamine H1 Antagonists, Non-Sedating
NA
===== phenotype 38=================================================================
proportion of pts: 0.132090440301
lambda: 4953.63635433
----------------------------------------
----------------------------------------
Adrenergic beta-1 Receptor Antagonists
Angiotensin II Type 1 Receptor Blockers
Antimanic Agents
Cyclooxygenase Inhibitors
Hydroxymethylglutaryl-CoA Reductase Inhibitors
Hypoglycemic Agents
NA
===== phenotype 23=================================================================
proportion of pts: 0.174137247124
lambda: 4831.2038782
----------------------------------------
----------------------------------------
Bone Density Conservation Agents
Cyclooxygenase Inhibitors
Hydroxymethylglutaryl-CoA Reductase Inhibitors
Hypoglycemic Agents
NA
Vasodilator Agents
===== phenotype 42=================================================================
proportion of pts: 0.126537088457
lambda: 4558.4225724
----------------------------------------
----------------------------------------
Anti-Allergic Agents
Histamine H1 Antagonists, Non-Sedating
NA
Sodium Potassium Chloride Symporter Inhibitors
Surface-Active Agents
Vasodilator Agents
Vitamin B Complex
===== phenotype 8=================================================================
proportion of pts: 0.142800476002
lambda: 4356.33089178
----------------------------------------
----------------------------------------
Cyclooxygenase Inhibitors
Hydroxymethylglutaryl-CoA Reductase Inhibitors
Hypoglycemic Agents
NA
Proton Pump Inhibitors
===== phenotype 37=================================================================
proportion of pts: 0.12177707259
lambda: 4307.60118896
----------------------------------------
----------------------------------------
Analgesics, Non-Narcotic
Anti-Bacterial Agents
Antidepressive Agents, Second-Generation
Cathartics
NA
Narcotics
Proton Pump Inhibitors
Surface-Active Agents
===== phenotype 49=================================================================
proportion of pts: 0.134073780246
lambda: 3937.9240192
----------------------------------------
----------------------------------------
Adrenergic beta-1 Receptor Antagonists
Explosive Agents
GABA Modulators
Nitric Oxide Donors
Purinergic P2Y Receptor Antagonists
===== phenotype 17=================================================================
proportion of pts: 0.140023800079
lambda: 3816.70902973
----------------------------------------
----------------------------------------
Anti-Bacterial Agents
Cardiotonic Agents
Cyclooxygenase Inhibitors
Hydroxymethylglutaryl-CoA Reductase Inhibitors
Hypoglycemic Agents
NA
===== phenotype 33=================================================================
proportion of pts: 0.13248710829
lambda: 3697.23061276
----------------------------------------
----------------------------------------
Anti-Allergic Agents
Antihypertensive Agents
Bone Density Conservation Agents
Cyclooxygenase Inhibitors
NA
===== phenotype 45=================================================================
proportion of pts: 0.11820706069
lambda: 3638.57530574
----------------------------------------
----------------------------------------
Anti-Allergic Agents
Antihypertensive Agents
Cyclooxygenase Inhibitors
Hydroxymethylglutaryl-CoA Reductase Inhibitors
Hypoglycemic Agents
NA
Vasodilator Agents
===== phenotype 48=================================================================
proportion of pts: 0.119793732646
lambda: 3606.20789456
----------------------------------------
----------------------------------------
Anti-Allergic Agents
Bone Density Conservation Agents
Cyclooxygenase Inhibitors
NA
Proton Pump Inhibitors
Vasodilator Agents
===== phenotype 47=================================================================
proportion of pts: 0.117413724712
lambda: 3566.36582956
----------------------------------------
----------------------------------------
Analgesics, Non-Narcotic
Bone Density Conservation Agents
Cyclooxygenase Inhibitors
Hydroxymethylglutaryl-CoA Reductase Inhibitors
NA
Narcotics
Voltage-Gated Sodium Channel Blockers
===== phenotype 2=================================================================
proportion of pts: 0.118603728679
lambda: 3398.50914925
----------------------------------------
----------------------------------------
Adrenergic alpha-1 Receptor Antagonists
Angiotensin II Type 1 Receptor Blockers
Cyclooxygenase Inhibitors
Hydroxymethylglutaryl-CoA Reductase Inhibitors
Hypoglycemic Agents
NA
===== phenotype 11=================================================================
proportion of pts: 0.143990479968
lambda: 3272.96421281
----------------------------------------
----------------------------------------
Adrenergic beta-1 Receptor Antagonists
Cyclooxygenase Inhibitors
Hydroxymethylglutaryl-CoA Reductase Inhibitors
NA
Proton Pump Inhibitors
Vasodilator Agents
===== phenotype 12=================================================================
proportion of pts: 0.11463704879
lambda: 3230.66456297
----------------------------------------
----------------------------------------
Analgesics, Non-Narcotic
Bone Density Conservation Agents
Cyclooxygenase Inhibitors
Hydroxymethylglutaryl-CoA Reductase Inhibitors
NA
Proton Pump Inhibitors
Vasodilator Agents
===== phenotype 1=================================================================
proportion of pts: 0.134073780246
lambda: 3073.99907454
----------------------------------------
----------------------------------------
Antineoplastic Agents, Hormonal
Bone Density Conservation Agents
Dopamine Uptake Inhibitors
Enzyme Inhibitors
Nucleic Acid Synthesis Inhibitors
Vitamin B Complex
Voltage-Gated Sodium Channel Blockers
===== phenotype 25=================================================================
proportion of pts: 0.103133677112
lambda: 2991.88614262
----------------------------------------
----------------------------------------
Analgesics, Non-Narcotic
Anti-Anxiety Agents
Anti-Bacterial Agents
NA
Narcotics
Surface-Active Agents
===== phenotype 30=================================================================
proportion of pts: 0.122570408568
lambda: 2976.17307712
----------------------------------------
----------------------------------------
Adrenergic alpha-1 Receptor Antagonists
Free Radical Scavengers
NA
Proton Pump Inhibitors
Sodium Potassium Chloride Symporter Inhibitors
Tubulin Modulators
Vasodilator Agents
===== phenotype 16=================================================================
proportion of pts: 0.145180483935
lambda: 2918.59932503
----------------------------------------
----------------------------------------
Cyclooxygenase Inhibitors
Hydroxymethylglutaryl-CoA Reductase Inhibitors
NA
Proton Pump Inhibitors
Topoisomerase II Inhibitors
Vasodilator Agents
===== phenotype 36=================================================================
proportion of pts: 0.122173740579
lambda: 2878.68916721
----------------------------------------
----------------------------------------
Adrenergic beta-1 Receptor Antagonists
Cardiotonic Agents
Cyclooxygenase Inhibitors
Hydroxymethylglutaryl-CoA Reductase Inhibitors
NA
Topoisomerase II Inhibitors
Vasodilator Agents
===== phenotype 46=================================================================
proportion of pts: 0.120983736612
lambda: 2843.32818421
----------------------------------------
----------------------------------------
Antidepressive Agents, Second-Generation
Cyclooxygenase Inhibitors
Hydroxymethylglutaryl-CoA Reductase Inhibitors
NA
Vasodilator Agents
===== phenotype 34=================================================================
proportion of pts: 0.115033716779
lambda: 2799.22591878
----------------------------------------
----------------------------------------
Antioxidants
Bone Density Conservation Agents
Cyclooxygenase Inhibitors
GABA-A Receptor Agonists
Hydroxymethylglutaryl-CoA Reductase Inhibitors
NA
Vitamin B Complex
===== phenotype 13=================================================================
proportion of pts: 0.127727092424
lambda: 2751.41328637
----------------------------------------
----------------------------------------
Analgesics, Non-Narcotic
Cyclooxygenase Inhibitors
Hydroxymethylglutaryl-CoA Reductase Inhibitors
NA
Proton Pump Inhibitors
Vasodilator Agents
===== phenotype 0=================================================================
proportion of pts: 0.12534708449
lambda: 2698.25940575
----------------------------------------
----------------------------------------
Adrenergic beta-1 Receptor Antagonists
Analgesics, Non-Narcotic
Anti-Allergic Agents
Cyclooxygenase Inhibitors
Hydroxymethylglutaryl-CoA Reductase Inhibitors
NA
Proton Pump Inhibitors
===== phenotype 24=================================================================
proportion of pts: 0.0900436334788
lambda: 2689.91072175
----------------------------------------
----------------------------------------
Anti-Bacterial Agents
Antidepressive Agents, Second-Generation
Antimanic Agents
Dopamine Uptake Inhibitors
GABA Modulators
Proton Pump Inhibitors
Voltage-Gated Sodium Channel Blockers
===== phenotype 5=================================================================
proportion of pts: 0.132090440301
lambda: 2629.51216556
----------------------------------------
----------------------------------------
Cyclooxygenase Inhibitors
Hydroxymethylglutaryl-CoA Reductase Inhibitors
NA
Proton Pump Inhibitors
===== phenotype 29=================================================================
proportion of pts: 0.11463704879
lambda: 2606.1384319
----------------------------------------
----------------------------------------
Adrenergic alpha-1 Receptor Antagonists
Androgens
Cyclooxygenase Inhibitors
Hydroxymethylglutaryl-CoA Reductase Inhibitors
NA
Phosphodiesterase 5 Inhibitors
Vasodilator Agents
===== phenotype 9=================================================================
proportion of pts: 0.112653708846
lambda: 2481.30137795
----------------------------------------
----------------------------------------
Anti-Allergic Agents
Antidepressive Agents, Second-Generation
Cyclooxygenase Inhibitors
Histamine H1 Antagonists, Non-Sedating
Hydroxymethylglutaryl-CoA Reductase Inhibitors
NA
===== phenotype 35=================================================================
proportion of pts: 0.120190400635
lambda: 2383.36170359
----------------------------------------
----------------------------------------
Antihypertensive Agents
Cyclooxygenase Inhibitors
Hydroxymethylglutaryl-CoA Reductase Inhibitors
NA
Vitamins
===== phenotype 18=================================================================
proportion of pts: 0.121380404601
lambda: 2340.08604363
----------------------------------------
----------------------------------------
Anti-Allergic Agents
Cyclooxygenase Inhibitors
GABA-A Receptor Agonists
Hypoglycemic Agents
NA
Narcotics
Proton Pump Inhibitors
===== phenotype 15=================================================================
proportion of pts: 0.126140420468
lambda: 2296.25793568
----------------------------------------
----------------------------------------
Cyclooxygenase Inhibitors
Hydroxymethylglutaryl-CoA Reductase Inhibitors
NA
Vasodilator Agents
===== phenotype 40=================================================================
proportion of pts: 0.12534708449
lambda: 2206.51798269
----------------------------------------
----------------------------------------
Bone Density Conservation Agents
Cyclooxygenase Inhibitors
Hydroxymethylglutaryl-CoA Reductase Inhibitors
NA
===== phenotype 10=================================================================
proportion of pts: 0.0955969853233
lambda: 2189.11303523
----------------------------------------
----------------------------------------
Adrenergic beta-1 Receptor Antagonists
Anticholesteremic Agents
Bone Density Conservation Agents
Cyclooxygenase Inhibitors
NA
Proton Pump Inhibitors
Vasodilator Agents
===== phenotype 14=================================================================
proportion of pts: 0.13248710829
lambda: 2153.42513356
----------------------------------------
----------------------------------------
Cyclooxygenase Inhibitors
Hydroxymethylglutaryl-CoA Reductase Inhibitors
NA
Sodium Chloride Symporter Inhibitors
===== phenotype 6=================================================================
proportion of pts: 0.0924236414121
lambda: 2116.74978638
----------------------------------------
----------------------------------------
Anti-Allergic Agents
Bone Density Conservation Agents
GABA Modulators
Histamine H1 Antagonists, Non-Sedating
NA
Proton Pump Inhibitors
Vitamin B Complex
===== phenotype 20=================================================================
proportion of pts: 0.0963903213011
lambda: 2018.3953337
----------------------------------------
----------------------------------------
Adrenergic beta-1 Receptor Antagonists
Cyclooxygenase Inhibitors
Hydroxymethylglutaryl-CoA Reductase Inhibitors
Hypoglycemic Agents
NA
Nootropic Agents
Sodium Potassium Chloride Symporter Inhibitors
===== phenotype 43=================================================================
proportion of pts: 0.117017056724
lambda: 2010.06803293
----------------------------------------
----------------------------------------
Adrenergic beta-2 Receptor Agonists
Anti-Bacterial Agents
Antineoplastic Agents, Hormonal
===== phenotype 44=================================================================
proportion of pts: 0.105117017057
lambda: 1962.71559475
----------------------------------------
----------------------------------------
Adrenergic beta-1 Receptor Antagonists
Analgesics, Non-Narcotic
Anti-Bacterial Agents
Bone Density Conservation Agents
NA
Topoisomerase II Inhibitors
===== phenotype 26=================================================================
proportion of pts: 0.104323681079
lambda: 1951.84336922
----------------------------------------
----------------------------------------
Analgesics, Non-Narcotic
Anti-Bacterial Agents
NA
Proton Pump Inhibitors
===== phenotype 27=================================================================
proportion of pts: 0.102340341134
lambda: 1864.22794491
----------------------------------------
----------------------------------------
Adrenergic beta-1 Receptor Antagonists
Cyclooxygenase Inhibitors
Hydroxymethylglutaryl-CoA Reductase Inhibitors
NA
===== phenotype 21=================================================================
proportion of pts: 0.136850456168
lambda: 1807.19649717
----------------------------------------
----------------------------------------
Angiotensin II Type 1 Receptor Blockers
Antidepressive Agents, Second-Generation
Antihypertensive Agents
Cyclooxygenase Inhibitors
Hydroxymethylglutaryl-CoA Reductase Inhibitors
NA
===== phenotype 7=================================================================
proportion of pts: 0.115827052757
lambda: 1791.87941433
----------------------------------------
----------------------------------------
Antidepressive Agents, Second-Generation
Cyclooxygenase Inhibitors
GABA Modulators
NA
Vasodilator Agents
===== phenotype 4=================================================================
proportion of pts: 0.101943673146
lambda: 1783.60672882
----------------------------------------
----------------------------------------
Anesthetics, Intravenous
Cardiotonic Agents
Cyclooxygenase Inhibitors
Hydroxymethylglutaryl-CoA Reductase Inhibitors
NA
===== phenotype 3=================================================================
proportion of pts: 0.0833002776676
lambda: 1619.10387137
----------------------------------------
----------------------------------------
Adrenergic beta-1 Receptor Antagonists
Analgesics, Non-Narcotic
Cyclooxygenase Inhibitors
Hydroxymethylglutaryl-CoA Reductase Inhibitors
NA
===== phenotype 31=================================================================
proportion of pts: 0.0864736215787
lambda: 1426.4649026
----------------------------------------
----------------------------------------
Analgesics, Non-Narcotic
Anti-Allergic Agents
Anti-Bacterial Agents
NA
Proton Pump Inhibitors
===== phenotype 41=================================================================
proportion of pts: 0.0654502181674
lambda: 1362.81916426
----------------------------------------
----------------------------------------
Anti-Allergic Agents
Anti-Bacterial Agents
Bone Density Conservation Agents
Cyclooxygenase Inhibitors
NA
Proton Pump Inhibitors
===== phenotype 22=================================================================
proportion of pts: 0.0836969456565
lambda: 1316.62233914
----------------------------------------
----------------------------------------
Analgesics, Non-Narcotic
Cyclooxygenase Inhibitors
NA
Proton Pump Inhibitors
