===== phenotype 15=================================================================
proportion of pts: 0.204680682269
lambda: 10127.1266603
----------------------------------------
----------------------------------------
Adrenergic beta-1 Receptor Antagonists
Analgesics, Non-Narcotic
Anti-Allergic Agents
Bone Density Conservation Agents
Cardiotonic Agents
Cyclooxygenase Inhibitors
Hydroxymethylglutaryl-CoA Reductase Inhibitors
NA
Proton Pump Inhibitors
Purinergic P2Y Receptor Antagonists
Sodium Chloride Symporter Inhibitors
Vasodilator Agents
Vitamins
===== phenotype 39=================================================================
proportion of pts: 0.209440698136
lambda: 9035.67323311
----------------------------------------
----------------------------------------
Adrenergic alpha-1 Receptor Antagonists
Adrenergic beta-1 Receptor Antagonists
Analgesics, Non-Narcotic
Cardiotonic Agents
Cyclooxygenase Inhibitors
Hydroxymethylglutaryl-CoA Reductase Inhibitors
Mineralocorticoid Receptor Antagonists
NA
Rodenticides
Sodium Chloride Symporter Inhibitors
Sodium Potassium Chloride Symporter Inhibitors
Vasodilator Agents
===== phenotype 21=================================================================
proportion of pts: 0.210630702102
lambda: 8977.22189746
----------------------------------------
----------------------------------------
Analgesics, Non-Narcotic
Angiotensin II Type 1 Receptor Blockers
Antidepressive Agents, Second-Generation
Antihypertensive Agents
Cyclooxygenase Inhibitors
GABA-A Receptor Agonists
Hydroxymethylglutaryl-CoA Reductase Inhibitors
NA
Proton Pump Inhibitors
Sodium Chloride Symporter Inhibitors
Sodium Potassium Chloride Symporter Inhibitors
Vasodilator Agents
===== phenotype 23=================================================================
proportion of pts: 0.24355414518
lambda: 8837.47221658
----------------------------------------
----------------------------------------
Analgesics, Non-Narcotic
Anti-Allergic Agents
Bone Density Conservation Agents
Cardiotonic Agents
Cyclooxygenase Inhibitors
Hydroxymethylglutaryl-CoA Reductase Inhibitors
Hypoglycemic Agents
Immunosuppressive Agents
NA
Sodium Chloride Symporter Inhibitors
Tubulin Modulators
Vasodilator Agents
===== phenotype 5=================================================================
proportion of pts: 0.188813962713
lambda: 8530.89240412
----------------------------------------
----------------------------------------
Adrenergic beta-2 Receptor Agonists
Analgesics, Non-Narcotic
Anti-Allergic Agents
Anti-Bacterial Agents
Antidepressive Agents, Second-Generation
Bone Density Conservation Agents
Cardiotonic Agents
Cholinergic Antagonists
Cyclooxygenase Inhibitors
GABA Modulators
Histamine H1 Antagonists, Non-Sedating
Hydroxymethylglutaryl-CoA Reductase Inhibitors
NA
Proton Pump Inhibitors
Vasodilator Agents
===== phenotype 19=================================================================
proportion of pts: 0.197937326458
lambda: 8438.91664466
----------------------------------------
----------------------------------------
14-alpha Demethylase Inhibitors
Analgesics, Non-Narcotic
Anti-Allergic Agents
Anti-Bacterial Agents
Anti-Inflammatory Agents
Antineoplastic Agents, Hormonal
Cyclooxygenase Inhibitors
GABA Modulators
Glucocorticoids
Histamine H1 Antagonists, Non-Sedating
Immunosuppressive Agents
NA
Sodium Chloride Symporter Inhibitors
===== phenotype 16=================================================================
proportion of pts: 0.209837366125
lambda: 8168.77507842
----------------------------------------
----------------------------------------
Angiotensin II Type 1 Receptor Blockers
Anti-Allergic Agents
Bone Density Conservation Agents
Cyclooxygenase Inhibitors
Estrogens
Hydroxymethylglutaryl-CoA Reductase Inhibitors
Muscarinic Antagonists
NA
Parasympatholytics
Proton Pump Inhibitors
Sodium Chloride Symporter Inhibitors
Topoisomerase II Inhibitors
Vasodilator Agents
===== phenotype 8=================================================================
proportion of pts: 0.20785402618
lambda: 8152.77498663
----------------------------------------
----------------------------------------
Adrenergic beta-1 Receptor Antagonists
Antihypertensive Agents
Cardiotonic Agents
Cyclooxygenase Inhibitors
Hydroxymethylglutaryl-CoA Reductase Inhibitors
Hypoglycemic Agents
NA
Proton Pump Inhibitors
Sodium Chloride Symporter Inhibitors
Vasodilator Agents
Vitamin B Complex
Vitamins
===== phenotype 28=================================================================
proportion of pts: 0.222927409758
lambda: 8038.7163629
----------------------------------------
----------------------------------------
Angiotensin II Type 1 Receptor Blockers
Anti-Allergic Agents
Anti-Bacterial Agents
Bone Density Conservation Agents
Cyclooxygenase Inhibitors
Histamine H1 Antagonists, Non-Sedating
Hydroxymethylglutaryl-CoA Reductase Inhibitors
NA
Proton Pump Inhibitors
Sodium Chloride Symporter Inhibitors
Vasodilator Agents
===== phenotype 2=================================================================
proportion of pts: 0.186830622769
lambda: 8002.40961591
----------------------------------------
----------------------------------------
Adrenergic alpha-1 Receptor Antagonists
Angiotensin II Type 1 Receptor Blockers
Cyclooxygenase Inhibitors
Hydroxymethylglutaryl-CoA Reductase Inhibitors
Hypoglycemic Agents
Hypolipidemic Agents
NA
Proton Pump Inhibitors
Sodium Potassium Chloride Symporter Inhibitors
Topoisomerase II Inhibitors
Tubulin Modulators
Vasodilator Agents
Vitamins
===== phenotype 35=================================================================
proportion of pts: 0.187623958747
lambda: 7910.77507745
----------------------------------------
----------------------------------------
5-alpha Reductase Inhibitors
Adrenergic beta-1 Receptor Antagonists
Anti-Bacterial Agents
Antihypertensive Agents
Cardiotonic Agents
Cyclooxygenase Inhibitors
Hydroxymethylglutaryl-CoA Reductase Inhibitors
Hypolipidemic Agents
NA
Phosphodiesterase 5 Inhibitors
Proton Pump Inhibitors
Vitamin B Complex
Vitamins
===== phenotype 38=================================================================
proportion of pts: 0.170567235224
lambda: 7769.15906622
----------------------------------------
----------------------------------------
Adrenergic beta-1 Receptor Antagonists
Analgesics, Non-Narcotic
Angiotensin II Type 1 Receptor Blockers
Antimanic Agents
Cyclooxygenase Inhibitors
Hydroxymethylglutaryl-CoA Reductase Inhibitors
Hypoglycemic Agents
NA
Proton Pump Inhibitors
Sodium Chloride Symporter Inhibitors
Sodium Potassium Chloride Symporter Inhibitors
Vasodilator Agents
===== phenotype 32=================================================================
proportion of pts: 0.20785402618
lambda: 7712.96984135
----------------------------------------
----------------------------------------
Adrenergic alpha-1 Receptor Antagonists
Adrenergic beta-2 Receptor Agonists
Analgesics, Non-Narcotic
Anti-Allergic Agents
Anti-Bacterial Agents
Antimanic Agents
Histamine H1 Antagonists, Non-Sedating
Leukotriene Antagonists
NA
Narcotics
Neuroprotective Agents
Surface-Active Agents
Tranquilizing Agents
Voltage-Gated Sodium Channel Blockers
===== phenotype 27=================================================================
proportion of pts: 0.150337167791
lambda: 7658.52721778
----------------------------------------
----------------------------------------
Adrenergic beta-1 Receptor Antagonists
Analgesics, Non-Narcotic
Angiotensin II Type 1 Receptor Blockers
Anti-Anxiety Agents
Cathartics
Cyclooxygenase Inhibitors
Explosive Agents
Histamine H2 Antagonists
Hydroxymethylglutaryl-CoA Reductase Inhibitors
NA
Narcotics
Proton Pump Inhibitors
Purinergic P2Y Receptor Antagonists
Sodium Potassium Chloride Symporter Inhibitors
Vasodilator Agents
===== phenotype 44=================================================================
proportion of pts: 0.160253867513
lambda: 7621.54487227
----------------------------------------
----------------------------------------
Adrenergic beta-1 Receptor Antagonists
Analgesics, Non-Narcotic
Anti-Bacterial Agents
Antimanic Agents
Bone Density Conservation Agents
Cardiotonic Agents
Hydroxymethylglutaryl-CoA Reductase Inhibitors
Hypoglycemic Agents
Immunosuppressive Agents
NA
Proton Pump Inhibitors
Sodium Potassium Chloride Symporter Inhibitors
Topoisomerase II Inhibitors
Voltage-Gated Sodium Channel Blockers
===== phenotype 37=================================================================
proportion of pts: 0.156683855613
lambda: 7334.42673016
----------------------------------------
----------------------------------------
Analgesics, Non-Narcotic
Antacids
Anti-Allergic Agents
Anti-Bacterial Agents
Antidepressive Agents, Second-Generation
Cathartics
GABA Modulators
Histamine H2 Antagonists
NA
Narcotics
Proton Pump Inhibitors
Rodenticides
Surface-Active Agents
===== phenotype 43=================================================================
proportion of pts: 0.16144387148
lambda: 7307.14176767
----------------------------------------
----------------------------------------
Adrenergic beta-2 Receptor Agonists
Anti-Allergic Agents
Anti-Asthmatic Agents
Anti-Bacterial Agents
Antineoplastic Agents, Hormonal
Cholinergic Antagonists
Histamine H1 Antagonists, Non-Sedating
Leukotriene Antagonists
NA
Sodium Potassium Chloride Symporter Inhibitors
Sympathomimetics
Topoisomerase II Inhibitors
Vasodilator Agents
===== phenotype 18=================================================================
proportion of pts: 0.17929393098
lambda: 7040.30154047
----------------------------------------
----------------------------------------
Adrenergic beta-1 Receptor Antagonists
Analgesics, Non-Narcotic
Anti-Allergic Agents
Anti-Anxiety Agents
Anti-Bacterial Agents
Antimanic Agents
Cardiotonic Agents
Cyclooxygenase Inhibitors
GABA-A Receptor Agonists
Hypoglycemic Agents
NA
Narcotics
Proton Pump Inhibitors
===== phenotype 17=================================================================
proportion of pts: 0.194763982547
lambda: 6945.18183438
----------------------------------------
----------------------------------------
Adrenergic beta-1 Receptor Antagonists
Analgesics, Non-Narcotic
Anti-Bacterial Agents
Cardiotonic Agents
Cyclooxygenase Inhibitors
Hydroxymethylglutaryl-CoA Reductase Inhibitors
Hypoglycemic Agents
Immunosuppressive Agents
NA
Sodium Chloride Symporter Inhibitors
Vasodilator Agents
===== phenotype 33=================================================================
proportion of pts: 0.170567235224
lambda: 6857.8473079
----------------------------------------
----------------------------------------
Adrenergic Uptake Inhibitors
Adrenergic alpha-2 Receptor Agonists
Analgesics, Non-Narcotic
Antacids
Anti-Allergic Agents
Antihypertensive Agents
Bone Density Conservation Agents
Cyclooxygenase 2 Inhibitors
Cyclooxygenase Inhibitors
Estrogens
NA
Narcotics
Proton Pump Inhibitors
Vasodilator Agents
===== phenotype 25=================================================================
proportion of pts: 0.130503768346
lambda: 6801.4386993
----------------------------------------
----------------------------------------
Analgesics, Non-Narcotic
Anti-Allergic Agents
Anti-Anxiety Agents
Anti-Bacterial Agents
Cathartics
Cyclooxygenase Inhibitors
Histamine H2 Antagonists
NA
Narcotics
Surface-Active Agents
Sweetening Agents
Topoisomerase II Inhibitors
===== phenotype 31=================================================================
proportion of pts: 0.12534708449
lambda: 6548.33238773
----------------------------------------
----------------------------------------
Analgesics, Non-Narcotic
Anti-Allergic Agents
Anti-Bacterial Agents
Antidepressive Agents, Second-Generation
Antimanic Agents
Cyclooxygenase Inhibitors
Hydroxymethylglutaryl-CoA Reductase Inhibitors
NA
Narcotics
Proton Pump Inhibitors
Sodium Potassium Chloride Symporter Inhibitors
Surface-Active Agents
Topoisomerase II Inhibitors
Vasodilator Agents
===== phenotype 40=================================================================
proportion of pts: 0.174533915113
lambda: 6464.23891287
----------------------------------------
----------------------------------------
Adrenergic beta-1 Receptor Antagonists
Analgesics, Non-Narcotic
Anti-Allergic Agents
Anti-Bacterial Agents
Bone Density Conservation Agents
Cardiotonic Agents
Cyclooxygenase Inhibitors
Histamine H1 Antagonists, Non-Sedating
Hydroxymethylglutaryl-CoA Reductase Inhibitors
NA
Proton Pump Inhibitors
Sodium Chloride Symporter Inhibitors
Vasodilator Agents
===== phenotype 30=================================================================
proportion of pts: 0.157080523602
lambda: 6430.95672424
----------------------------------------
----------------------------------------
Adrenergic alpha-1 Receptor Antagonists
Analgesics, Non-Narcotic
Antidepressive Agents, Second-Generation
Antineoplastic Agents, Hormonal
Cardiotonic Agents
Free Radical Scavengers
NA
Proton Pump Inhibitors
Rodenticides
Sodium Potassium Chloride Symporter Inhibitors
Tubulin Modulators
Vasodilator Agents
===== phenotype 1=================================================================
proportion of pts: 0.196350654502
lambda: 6306.62784966
----------------------------------------
----------------------------------------
Antacids
Antimanic Agents
Antineoplastic Agents, Hormonal
Bone Density Conservation Agents
Dopamine Uptake Inhibitors
Enzyme Inhibitors
Muscle Relaxants, Central
Narcotics
Nucleic Acid Synthesis Inhibitors
Vitamin B Complex
Voltage-Gated Sodium Channel Blockers
===== phenotype 48=================================================================
proportion of pts: 0.167790559302
lambda: 6304.62287315
----------------------------------------
----------------------------------------
Anti-Allergic Agents
Antidepressive Agents, Second-Generation
Bone Density Conservation Agents
Cardiotonic Agents
Cyclooxygenase Inhibitors
Estrogens
Histamine H1 Antagonists, Non-Sedating
NA
Nucleic Acid Synthesis Inhibitors
Proton Pump Inhibitors
Sodium Chloride Symporter Inhibitors
Vasodilator Agents
Vitamin B Complex
===== phenotype 42=================================================================
proportion of pts: 0.16858389528
lambda: 6290.10478155
----------------------------------------
----------------------------------------
Adrenergic alpha-2 Receptor Agonists
Adrenergic beta-2 Receptor Agonists
Anti-Allergic Agents
Antihypertensive Agents
Free Radical Scavengers
Histamine H1 Antagonists, Non-Sedating
NA
Sodium Chloride Symporter Inhibitors
Sodium Potassium Chloride Symporter Inhibitors
Surface-Active Agents
Trace Elements
Vasodilator Agents
Vitamin B Complex
Vitamins
===== phenotype 11=================================================================
proportion of pts: 0.212614042047
lambda: 6208.5638452
----------------------------------------
----------------------------------------
Adrenergic beta-1 Receptor Antagonists
Anti-Allergic Agents
Antihypertensive Agents
Bone Density Conservation Agents
Cyclooxygenase Inhibitors
Hydroxymethylglutaryl-CoA Reductase Inhibitors
NA
Proton Pump Inhibitors
Sodium Potassium Chloride Symporter Inhibitors
Vasodilator Agents
Vitamin B Complex
Vitamins
===== phenotype 49=================================================================
proportion of pts: 0.165410551369
lambda: 6120.00865899
----------------------------------------
----------------------------------------
Adrenergic beta-1 Receptor Antagonists
Antidepressive Agents, Second-Generation
Explosive Agents
GABA Modulators
Histamine H2 Antagonists
Hypoglycemic Agents
Hypolipidemic Agents
Nitric Oxide Donors
Purinergic P2Y Receptor Antagonists
===== phenotype 26=================================================================
proportion of pts: 0.141213804046
lambda: 6025.62657421
----------------------------------------
----------------------------------------
Adrenergic beta-1 Receptor Antagonists
Analgesics, Non-Narcotic
Anti-Allergic Agents
Anti-Bacterial Agents
Bone Density Conservation Agents
Cyclooxygenase Inhibitors
GABA Modulators
Hydroxymethylglutaryl-CoA Reductase Inhibitors
Hypoglycemic Agents
NA
Narcotics
Proton Pump Inhibitors
Sodium Potassium Chloride Symporter Inhibitors
Vasodilator Agents
===== phenotype 4=================================================================
proportion of pts: 0.141610472035
lambda: 6004.03342116
----------------------------------------
----------------------------------------
Adrenergic alpha-2 Receptor Agonists
Analgesics, Non-Narcotic
Anesthetics, Intravenous
Antimanic Agents
Bone Density Conservation Agents
Cardiotonic Agents
Cyclooxygenase Inhibitors
GABA Modulators
Hydroxymethylglutaryl-CoA Reductase Inhibitors
Hypoglycemic Agents
NA
Narcotics
Surface-Active Agents
Voltage-Gated Sodium Channel Blockers
===== phenotype 3=================================================================
proportion of pts: 0.122570408568
lambda: 5846.5455406
----------------------------------------
----------------------------------------
Adrenergic alpha-1 Receptor Antagonists
Adrenergic beta-1 Receptor Antagonists
Analgesics, Non-Narcotic
Anti-Allergic Agents
Cardiotonic Agents
Cyclooxygenase Inhibitors
Explosive Agents
Hydroxymethylglutaryl-CoA Reductase Inhibitors
NA
Proton Pump Inhibitors
Purinergic P2Y Receptor Antagonists
Sodium Chloride Symporter Inhibitors
Vasodilator Agents
Voltage-Gated Sodium Channel Blockers
===== phenotype 46=================================================================
proportion of pts: 0.163030543435
lambda: 5699.91892242
----------------------------------------
----------------------------------------
Analgesics, Non-Narcotic
Anti-Allergic Agents
Antidepressive Agents, Second-Generation
Bone Density Conservation Agents
Cardiotonic Agents
Cyclooxygenase Inhibitors
Estrogens
Hydroxymethylglutaryl-CoA Reductase Inhibitors
NA
Proton Pump Inhibitors
Sodium Chloride Symporter Inhibitors
Trace Elements
Vasodilator Agents
===== phenotype 7=================================================================
proportion of pts: 0.163823879413
lambda: 5695.14597165
----------------------------------------
----------------------------------------
Adrenergic beta-1 Receptor Antagonists
Analgesics, Non-Narcotic
Anti-Allergic Agents
Antidepressive Agents, Second-Generation
Cardiotonic Agents
Cyclooxygenase Inhibitors
Dopamine Uptake Inhibitors
GABA Modulators
Hydroxymethylglutaryl-CoA Reductase Inhibitors
NA
Proton Pump Inhibitors
Sodium Chloride Symporter Inhibitors
Vasodilator Agents
===== phenotype 0=================================================================
proportion of pts: 0.167790559302
lambda: 5534.00198713
----------------------------------------
----------------------------------------
Adrenergic beta-1 Receptor Antagonists
Analgesics, Non-Narcotic
Anti-Allergic Agents
Anti-Bacterial Agents
Cyclooxygenase Inhibitors
Explosive Agents
Hydroxymethylglutaryl-CoA Reductase Inhibitors
Hypoglycemic Agents
NA
Proton Pump Inhibitors
Purinergic P2Y Receptor Antagonists
Tubulin Modulators
===== phenotype 45=================================================================
proportion of pts: 0.158667195557
lambda: 5490.54839911
----------------------------------------
----------------------------------------
Angiotensin II Type 1 Receptor Blockers
Anti-Allergic Agents
Anti-Bacterial Agents
Antihypertensive Agents
Bone Density Conservation Agents
Cyclooxygenase Inhibitors
Histamine H1 Antagonists, Non-Sedating
Hydroxymethylglutaryl-CoA Reductase Inhibitors
Hypoglycemic Agents
NA
Sodium Potassium Chloride Symporter Inhibitors
Vasodilator Agents
===== phenotype 36=================================================================
proportion of pts: 0.165410551369
lambda: 5370.31563729
----------------------------------------
----------------------------------------
Adrenergic alpha-2 Receptor Agonists
Adrenergic beta-1 Receptor Antagonists
Bone Density Conservation Agents
Cardiotonic Agents
Cyclooxygenase Inhibitors
Hydroxymethylglutaryl-CoA Reductase Inhibitors
NA
Radiation-Sensitizing Agents
Sodium Chloride Symporter Inhibitors
Topoisomerase II Inhibitors
Vasodilator Agents
Vitamin B Complex
Vitamins
===== phenotype 22=================================================================
proportion of pts: 0.123363744546
lambda: 5367.51632987
----------------------------------------
----------------------------------------
Adrenergic beta-1 Receptor Antagonists
Analgesics, Non-Narcotic
Anti-Allergic Agents
Anti-Bacterial Agents
Antidepressive Agents, Second-Generation
Antimanic Agents
Bone Density Conservation Agents
Cyclooxygenase Inhibitors
GABA Modulators
Hydroxymethylglutaryl-CoA Reductase Inhibitors
NA
Narcotics
Proton Pump Inhibitors
Vasodilator Agents
===== phenotype 34=================================================================
proportion of pts: 0.151923839746
lambda: 5305.37203019
----------------------------------------
----------------------------------------
Analgesics, Non-Narcotic
Antidepressive Agents, Second-Generation
Antioxidants
Bone Density Conservation Agents
Cyclooxygenase Inhibitors
Dopamine Agonists
GABA-A Receptor Agonists
Hydroxymethylglutaryl-CoA Reductase Inhibitors
NA
Proton Pump Inhibitors
Vitamin B Complex
===== phenotype 12=================================================================
proportion of pts: 0.144783815946
lambda: 5220.56230193
----------------------------------------
----------------------------------------
Adrenergic beta-1 Receptor Antagonists
Analgesics, Non-Narcotic
Anesthetics, Intravenous
Bone Density Conservation Agents
Cardiotonic Agents
Cyclooxygenase Inhibitors
GABA Modulators
Hydroxymethylglutaryl-CoA Reductase Inhibitors
NA
Proton Pump Inhibitors
Vasodilator Agents
Vitamin B Complex
===== phenotype 9=================================================================
proportion of pts: 0.151130503768
lambda: 5183.51060477
----------------------------------------
----------------------------------------
Adrenergic beta-1 Receptor Antagonists
Analgesics, Non-Narcotic
Anti-Allergic Agents
Antidepressive Agents, Second-Generation
Antihypertensive Agents
Bone Density Conservation Agents
Cyclooxygenase Inhibitors
GABA Modulators
GABA-A Receptor Agonists
Histamine H1 Antagonists, Non-Sedating
Hydroxymethylglutaryl-CoA Reductase Inhibitors
NA
Vitamin B Complex
===== phenotype 29=================================================================
proportion of pts: 0.13605712019
lambda: 5059.73150675
----------------------------------------
----------------------------------------
Adrenergic alpha-1 Receptor Antagonists
Adrenergic beta-1 Receptor Antagonists
Androgens
Angiotensin II Type 1 Receptor Blockers
Anti-Allergic Agents
Cyclooxygenase Inhibitors
Hydroxymethylglutaryl-CoA Reductase Inhibitors
NA
Phosphodiesterase 5 Inhibitors
Proton Pump Inhibitors
Sodium Chloride Symporter Inhibitors
Vasodilator Agents
===== phenotype 14=================================================================
proportion of pts: 0.165410551369
lambda: 5040.58332004
----------------------------------------
----------------------------------------
Analgesics, Non-Narcotic
Angiotensin II Type 1 Receptor Blockers
Anti-Allergic Agents
Anti-Bacterial Agents
Bone Density Conservation Agents
Cardiotonic Agents
Cyclooxygenase Inhibitors
Histamine H1 Antagonists, Non-Sedating
Hydroxymethylglutaryl-CoA Reductase Inhibitors
NA
Proton Pump Inhibitors
Sodium Chloride Symporter Inhibitors
Vasodilator Agents
===== phenotype 6=================================================================
proportion of pts: 0.129710432368
lambda: 4438.60136536
----------------------------------------
----------------------------------------
Angiogenesis Inhibitors
Anti-Allergic Agents
Anti-Asthmatic Agents
Antidepressive Agents, Second-Generation
Antimanic Agents
Bone Density Conservation Agents
Dopamine Uptake Inhibitors
GABA Modulators
Histamine H1 Antagonists, Non-Sedating
NA
Proton Pump Inhibitors
Vitamin B Complex
===== phenotype 47=================================================================
proportion of pts: 0.136850456168
lambda: 4385.86887998
----------------------------------------
----------------------------------------
Analgesics, Non-Narcotic
Anesthetics, Local
Anti-Allergic Agents
Bone Density Conservation Agents
Cardiotonic Agents
Cyclooxygenase Inhibitors
Hydroxymethylglutaryl-CoA Reductase Inhibitors
NA
Narcotics
Proton Pump Inhibitors
Voltage-Gated Sodium Channel Blockers
===== phenotype 20=================================================================
proportion of pts: 0.13248710829
lambda: 4331.9984787
----------------------------------------
----------------------------------------
Adrenergic beta-1 Receptor Antagonists
Anti-Infective Agents, Local
Antifungal Agents
Cyclooxygenase Inhibitors
GABA Modulators
Hydroxymethylglutaryl-CoA Reductase Inhibitors
Hypoglycemic Agents
NA
Nootropic Agents
Serotonin Uptake Inhibitors
Sodium Potassium Chloride Symporter Inhibitors
Trace Elements
===== phenotype 24=================================================================
proportion of pts: 0.126537088457
lambda: 4120.23293685
----------------------------------------
----------------------------------------
Anti-Bacterial Agents
Antidepressive Agents, Second-Generation
Antimanic Agents
Antipsychotic Agents
Antiviral Agents
Dopamine Uptake Inhibitors
GABA Modulators
Histamine H1 Antagonists
Narcotics
Parasympatholytics
Proton Pump Inhibitors
Voltage-Gated Sodium Channel Blockers
===== phenotype 10=================================================================
proportion of pts: 0.120587068624
lambda: 4104.06933993
----------------------------------------
----------------------------------------
Adrenergic beta-1 Receptor Antagonists
Analgesics, Non-Narcotic
Angiotensin II Type 1 Receptor Blockers
Anticholesteremic Agents
Bone Density Conservation Agents
Cyclooxygenase Inhibitors
Hydroxymethylglutaryl-CoA Reductase Inhibitors
NA
Proton Pump Inhibitors
Sodium Chloride Symporter Inhibitors
Vasodilator Agents
Vitamin B Complex
===== phenotype 13=================================================================
proportion of pts: 0.149147163824
lambda: 4094.04959906
----------------------------------------
----------------------------------------
Analgesics, Non-Narcotic
Anti-Allergic Agents
Anti-Bacterial Agents
Antidepressive Agents, Second-Generation
Bone Density Conservation Agents
Cardiotonic Agents
Cyclooxygenase Inhibitors
GABA Modulators
Hydroxymethylglutaryl-CoA Reductase Inhibitors
NA
Proton Pump Inhibitors
Vasodilator Agents
===== phenotype 41=================================================================
proportion of pts: 0.0801269337564
lambda: 1442.02091282
----------------------------------------
----------------------------------------
Anti-Allergic Agents
Anti-Bacterial Agents
Antiviral Agents
Bone Density Conservation Agents
Cyclooxygenase Inhibitors
NA
Proton Pump Inhibitors
