===== phenotype 21=================================================================
proportion of pts: 0.193177310591
lambda: 12488.6618718
----------------------------------------
Rheumatism, excluding the back	0.208
Arthropathies and related disorders	0.185
Hypertensive disease	0.172
Disorders of lipoid metabolism	0.164
Dorsopathies	0.139
Range name na	0.133
----------------------------------------
Antipyretics	0.130
Anti-Inflammatory Agents, Non-Steroidal	0.126
Hypolipidemic Agents	0.126
Platelet Aggregation Inhibitors	0.125
Hydroxymethylglutaryl-CoA Reductase Inhibitors	0.125
Fibrinolytic Agents	0.125
Cyclooxygenase Inhibitors	0.122
Anticholesteremic Agents	0.121
===== phenotype 6=================================================================
proportion of pts: 0.191987306624
lambda: 9610.28989563
----------------------------------------
Diabetes	0.232
Disorders of lipoid metabolism	0.198
Hypertensive disease	0.184
Disorders of the eye and adnexa	0.132
Organic sleep disorders	0.129
Arthropathies and related disorders	0.125
----------------------------------------
Hypoglycemic Agents	0.160
Hydroxymethylglutaryl-CoA Reductase Inhibitors	0.153
Antihypertensive Agents	0.145
Anticholesteremic Agents	0.144
Anti-Inflammatory Agents, Non-Steroidal	0.137
Antipyretics	0.132
Cyclooxygenase Inhibitors	0.129
===== phenotype 34=================================================================
proportion of pts: 0.18643395478
lambda: 9560.24566712
----------------------------------------
Hypertensive disease	0.195
Disorders of lipoid metabolism	0.183
Arthropathies and related disorders	0.181
Nonspecific findings on examination of blood	0.158
Symptoms involving respiratory system and other chest symptoms	0.144
Range name na	0.139
----------------------------------------
Anti-Inflammatory Agents, Non-Steroidal	0.152
Cyclooxygenase Inhibitors	0.144
Antihypertensive Agents	0.142
Vasodilator Agents	0.142
Fibrinolytic Agents	0.141
Antipyretics	0.139
Platelet Aggregation Inhibitors	0.139
===== phenotype 41=================================================================
proportion of pts: 0.138040460135
lambda: 8381.76109426
----------------------------------------
Hypertensive disease	0.207
Disorders of lipoid metabolism	0.186
Rheumatism, excluding the back	0.156
Arthropathies and related disorders	0.154
Range name na	0.152
Diabetes	0.144
----------------------------------------
Calcium Channel Blockers	0.154
Analgesics	0.153
Antiparkinson Agents	0.148
Antimanic Agents	0.143
Excitatory Amino Acid Antagonists	0.139
Anticonvulsants	0.134
Anti-Anxiety Agents	0.129
===== phenotype 31=================================================================
proportion of pts: 0.170963903213
lambda: 8205.36033006
----------------------------------------
Other forms of heart disease	0.255
Symptoms involving respiratory system and other chest symptoms	0.163
Range name na	0.156
Hypertensive disease	0.151
General symptoms	0.147
Disorders of lipoid metabolism	0.127
----------------------------------------
Fibrinolytic Agents	0.181
Anti-Inflammatory Agents, Non-Steroidal	0.171
Antipyretics	0.171
Platelet Aggregation Inhibitors	0.164
Cyclooxygenase Inhibitors	0.162
Antihypertensive Agents	0.150
===== phenotype 30=================================================================
proportion of pts: 0.169773899246
lambda: 7898.07175814
----------------------------------------
Ischemic heart disease	0.258
Disorders of lipoid metabolism	0.211
Hypertensive disease	0.196
Symptoms involving respiratory system and other chest symptoms	0.179
Diabetes	0.156
----------------------------------------
Hydroxymethylglutaryl-CoA Reductase Inhibitors	0.154
Anticholesteremic Agents	0.151
Antipyretics	0.148
Platelet Aggregation Inhibitors	0.142
Antihypertensive Agents	0.138
Fibrinolytic Agents	0.138
Cyclooxygenase Inhibitors	0.129
===== phenotype 38=================================================================
proportion of pts: 0.198730662436
lambda: 7377.45472902
----------------------------------------
Hypertensive disease	0.271
Disorders of lipoid metabolism	0.245
Range name na	0.198
Disorders of the eye and adnexa	0.154
Other diseases of the upper respiratory tract	0.133
----------------------------------------
Vasodilator Agents	0.160
Diuretics	0.156
Calcium Channel Blockers	0.146
Antihypertensive Agents	0.142
Sympatholytics	0.137
Sodium Chloride Symporter Inhibitors	0.132
Anti-Arrhythmia Agents	0.127
===== phenotype 19=================================================================
proportion of pts: 0.177310591035
lambda: 7307.231713
----------------------------------------
Ischemic heart disease	0.208
Disorders of lipoid metabolism	0.169
Disorders of the eye and adnexa	0.166
Hypertensive disease	0.163
Diabetes	0.148
Range name na	0.146
----------------------------------------
Vasodilator Agents	0.204
Fibrinolytic Agents	0.175
Platelet Aggregation Inhibitors	0.174
Anti-Inflammatory Agents, Non-Steroidal	0.173
Cyclooxygenase Inhibitors	0.148
Proton Pump Inhibitors	0.126
===== phenotype 25=================================================================
proportion of pts: 0.173740579135
lambda: 6732.05874584
----------------------------------------
Hypertensive disease	0.203
Diabetes	0.181
Range name na	0.180
Rheumatism, excluding the back	0.180
Osteopathies, chondropathies, and acquired musculoskeletal deformities	0.131
Other diseases of urinary system	0.125
----------------------------------------
Diuretics	0.181
Sympatholytics	0.175
Adrenergic beta-1 Receptor Antagonists	0.173
Anti-Arrhythmia Agents	0.164
Hypoglycemic Agents	0.157
Anticholesteremic Agents	0.150
===== phenotype 40=================================================================
proportion of pts: 0.192383974613
lambda: 6507.59972003
----------------------------------------
Hypertensive disease	0.204
Symptoms involving respiratory system and other chest symptoms	0.185
General symptoms	0.171
Disorders of lipoid metabolism	0.163
Disorders of the eye and adnexa	0.141
Diabetes	0.136
----------------------------------------
Anti-Arrhythmia Agents	0.188
Calcium Channel Blockers	0.188
Serotonin Uptake Inhibitors	0.166
Angiotensin II Type 1 Receptor Blockers	0.157
Bronchodilator Agents	0.156
Antidepressive Agents, Second-Generation	0.145
===== phenotype 26=================================================================
proportion of pts: 0.148750495835
lambda: 6487.09852278
----------------------------------------
Hypertensive disease	0.224
Disorders of lipoid metabolism	0.197
Range name na	0.158
Symptoms involving respiratory system and other chest symptoms	0.153
Arthropathies and related disorders	0.135
General symptoms	0.133
----------------------------------------
Antirheumatic Agents	0.188
Immunosuppressive Agents	0.182
Enzyme Inhibitors	0.175
Antimetabolites, Antineoplastic	0.165
Folic Acid Antagonists	0.156
Vitamins	0.134
===== phenotype 27=================================================================
proportion of pts: 0.172947243157
lambda: 6435.38912648
----------------------------------------
Hypertensive disease	0.205
Symptoms involving respiratory system and other chest symptoms	0.172
Diseases of esophagus, stomach, and duodenum	0.170
Disorders of lipoid metabolism	0.166
Organic sleep disorders	0.148
Range name na	0.140
----------------------------------------
Anti-Allergic Agents	0.208
Anti-Ulcer Agents	0.170
Dermatologic Agents	0.168
Proton Pump Inhibitors	0.159
Diuretics	0.148
Bronchodilator Agents	0.147
===== phenotype 15=================================================================
proportion of pts: 0.180483934946
lambda: 6063.42283259
----------------------------------------
Disorders of lipoid metabolism	0.233
Hypertensive disease	0.219
General symptoms	0.197
Range name na	0.176
Diabetes	0.175
----------------------------------------
Anti-Ulcer Agents	0.195
Analgesics, Non-Narcotic	0.187
Proton Pump Inhibitors	0.174
Vitamin B Complex	0.161
Antidepressive Agents, Tricyclic	0.145
Antiemetics	0.138
===== phenotype 3=================================================================
proportion of pts: 0.156683855613
lambda: 6041.47841673
----------------------------------------
Hypertensive disease	0.194
Range name na	0.173
Other forms of heart disease	0.170
Disorders of lipoid metabolism	0.166
Ischemic heart disease	0.153
Symptoms involving respiratory system and other chest symptoms	0.144
----------------------------------------
Sodium Potassium Chloride Symporter Inhibitors	0.210
Adrenergic beta-Antagonists	0.174
Anti-Bacterial Agents	0.172
Adrenergic alpha-1 Receptor Antagonists	0.169
Explosive Agents	0.148
Bronchodilator Agents	0.126
===== phenotype 23=================================================================
proportion of pts: 0.167393891313
lambda: 5995.3204638
----------------------------------------
Hypertensive disease	0.198
Range name na	0.182
Arthropathies and related disorders	0.179
Dorsopathies	0.173
Disorders of lipoid metabolism	0.144
Disorders of the eye and adnexa	0.124
----------------------------------------
Anti-Anxiety Agents	0.190
GABA Modulators	0.188
Hypnotics and Sedatives	0.187
Anticonvulsants	0.157
Analgesics, Opioid	0.140
Narcotics	0.137
===== phenotype 9=================================================================
proportion of pts: 0.168980563269
lambda: 5806.30928489
----------------------------------------
Hypertensive disease	0.253
Range name na	0.221
Symptoms involving respiratory system and other chest symptoms	0.201
Disorders of lipoid metabolism	0.172
Other diseases of urinary system	0.153
----------------------------------------
Anti-Allergic Agents	0.204
Anti-Bacterial Agents	0.189
Histamine H1 Antagonists	0.158
Topoisomerase II Inhibitors	0.154
Antiemetics	0.153
Antipruritics	0.142
===== phenotype 18=================================================================
proportion of pts: 0.191590638635
lambda: 5447.18869327
----------------------------------------
Disorders of lipoid metabolism	0.180
General symptoms	0.179
Hypertensive disease	0.179
Symptoms involving respiratory system and other chest symptoms	0.172
Acute respiratory infections	0.152
Range name na	0.138
----------------------------------------
Hydroxymethylglutaryl-CoA Reductase Inhibitors	0.279
Anticholesteremic Agents	0.278
Antihypertensive Agents	0.247
Antipyretics	0.196
===== phenotype 0=================================================================
proportion of pts: 0.160253867513
lambda: 5298.69818021
----------------------------------------
Other diseases of the upper respiratory tract	0.223
Acute respiratory infections	0.202
Arthropathies and related disorders	0.202
Dorsopathies	0.193
Disorders of lipoid metabolism	0.181
----------------------------------------
Anti-Allergic Agents	0.206
Anti-Inflammatory Agents	0.184
Bronchodilator Agents	0.167
Dermatologic Agents	0.157
Histamine H1 Antagonists, Non-Sedating	0.155
Serotonin Uptake Inhibitors	0.130
===== phenotype 43=================================================================
proportion of pts: 0.166600555335
lambda: 5062.58082119
----------------------------------------
Hypertensive disease	0.205
Osteopathies, chondropathies, and acquired musculoskeletal deformities	0.195
Disorders of lipoid metabolism	0.179
Range name na	0.165
Disorders of the eye and adnexa	0.130
Other diseases of skin and subcutaneous tissue	0.125
----------------------------------------
Vitamins	0.249
Bone Density Conservation Agents	0.218
Antihypertensive Agents	0.193
Anti-Inflammatory Agents, Non-Steroidal	0.171
Cyclooxygenase Inhibitors	0.169
===== phenotype 13=================================================================
proportion of pts: 0.182467274891
lambda: 4947.74950311
----------------------------------------
Arthropathies and related disorders	0.199
Hypertensive disease	0.178
Rheumatism, excluding the back	0.172
Dorsopathies	0.172
Range name na	0.143
Disorders of lipoid metabolism	0.134
----------------------------------------
Analgesics, Non-Narcotic	0.268
Anti-Arrhythmia Agents	0.259
Anesthetics, Local	0.252
Voltage-Gated Sodium Channel Blockers	0.222
===== phenotype 28=================================================================
proportion of pts: 0.180087266958
lambda: 4518.48109782
----------------------------------------
Hypertensive disease	0.188
Arthropathies and related disorders	0.176
Rheumatism, excluding the back	0.175
Symptoms involving respiratory system and other chest symptoms	0.162
Diseases of esophagus, stomach, and duodenum	0.150
Range name na	0.149
----------------------------------------
Anti-Ulcer Agents	0.309
Proton Pump Inhibitors	0.305
Analgesics, Non-Narcotic	0.227
Antimalarials	0.159
===== phenotype 16=================================================================
proportion of pts: 0.150733835779
lambda: 4454.5109515
----------------------------------------
General symptoms	0.206
Symptoms involving skin and other integumentary tissue	0.189
Disorders of thyroid gland	0.174
Hypertensive disease	0.170
Range name na	0.138
Other forms of heart disease	0.123
----------------------------------------
Antipyretics	0.217
Anti-Inflammatory Agents, Non-Steroidal	0.204
Cyclooxygenase Inhibitors	0.200
Antihypertensive Agents	0.191
Platelet Aggregation Inhibitors	0.188
===== phenotype 17=================================================================
proportion of pts: 0.149543831813
lambda: 4448.0993343
----------------------------------------
Hypertensive disease	0.218
Symptoms involving respiratory system and other chest symptoms	0.216
Disorders of lipoid metabolism	0.206
Ischemic heart disease	0.189
Diabetes	0.170
----------------------------------------
Hypnotics and Sedatives	0.181
Analgesics, Opioid	0.178
Narcotics	0.169
Analgesics	0.167
Muscle Relaxants, Central	0.158
Anticonvulsants	0.147
===== phenotype 5=================================================================
proportion of pts: 0.164617215391
lambda: 4419.84837301
----------------------------------------
Dorsopathies	0.213
Other symptoms involving abdomen and pelvis	0.175
Symptoms involving digestive system	0.158
Hypertensive disease	0.154
Arthropathies and related disorders	0.153
Symptoms involving urinary system	0.147
----------------------------------------
Antihypertensive Agents	0.271
Anti-Ulcer Agents	0.257
Vasodilator Agents	0.242
Proton Pump Inhibitors	0.230
===== phenotype 29=================================================================
proportion of pts: 0.156683855613
lambda: 4300.46065469
----------------------------------------
Rheumatism, excluding the back	0.247
Hypertensive disease	0.190
Osteopathies, chondropathies, and acquired musculoskeletal deformities	0.155
Other diseases of skin and subcutaneous tissue	0.143
Neurotic, personality, nonpsychotic disorders	0.133
Other diseases of intestines and peritoneum	0.132
----------------------------------------
Antihypertensive Agents	0.201
Cyclooxygenase Inhibitors	0.182
Anti-Inflammatory Agents, Non-Steroidal	0.181
Serotonin Uptake Inhibitors	0.165
Immunosuppressive Agents	0.138
Dermatologic Agents	0.133
===== phenotype 7=================================================================
proportion of pts: 0.160650535502
lambda: 4238.22859013
----------------------------------------
Arthropathies and related disorders	0.228
Range name na	0.208
Rheumatism, excluding the back	0.206
Hypertensive disease	0.203
Disorders of thyroid gland	0.155
----------------------------------------
Anti-Inflammatory Agents	0.270
Glucocorticoids	0.204
Dermatologic Agents	0.180
Bronchodilator Agents	0.175
Enzyme Inhibitors	0.171
===== phenotype 8=================================================================
proportion of pts: 0.145180483935
lambda: 3881.63154665
----------------------------------------
Hypertensive disease	0.278
Symptoms involving respiratory system and other chest symptoms	0.260
Chronic obstructive pulmonary disease and allied conditions	0.259
Disorders of lipoid metabolism	0.203
----------------------------------------
Anti-Inflammatory Agents	0.234
Tocolytic Agents	0.202
Glucocorticoids	0.197
Adrenergic beta-2 Receptor Agonists	0.190
Bronchodilator Agents	0.177
===== phenotype 46=================================================================
proportion of pts: 0.153510511702
lambda: 3693.77650915
----------------------------------------
Hypertensive disease	0.300
Disorders of lipoid metabolism	0.253
Range name na	0.252
Diabetes	0.196
----------------------------------------
Enzyme Inhibitors	0.190
Gout Suppressants	0.182
Glucocorticoids	0.179
Antimetabolites	0.156
Tubulin Modulators	0.155
Antineoplastic Agents, Hormonal	0.139
===== phenotype 45=================================================================
proportion of pts: 0.172947243157
lambda: 3680.73782209
----------------------------------------
Dorsopathies	0.196
Hypertensive disease	0.193
Symptoms involving urinary system	0.165
Range name na	0.165
Other diseases of skin and subcutaneous tissue	0.144
Diseases of esophagus, stomach, and duodenum	0.136
----------------------------------------
Diuretics	0.243
Anti-Arrhythmia Agents	0.228
Anticonvulsants	0.214
Excitatory Amino Acid Antagonists	0.175
Antifungal Agents	0.140
===== phenotype 4=================================================================
proportion of pts: 0.122967076557
lambda: 3501.34319193
----------------------------------------
Range name na	0.227
Other forms of heart disease	0.224
Hypertensive disease	0.206
Other diseases of respiratory system	0.176
Anemias	0.167
----------------------------------------
Analgesics, Opioid	0.187
Vitamins	0.180
Narcotics	0.176
Anti-Anxiety Agents	0.167
Cathartics	0.145
Antipruritics	0.145
===== phenotype 37=================================================================
proportion of pts: 0.170170567235
lambda: 3467.98434662
----------------------------------------
Hypertensive disease	0.269
Disorders of lipoid metabolism	0.218
Range name na	0.200
Diabetes	0.165
Na	0.148
----------------------------------------
Cardiotonic Agents	0.303
Serotonin Uptake Inhibitors	0.279
Antidepressive Agents, Second-Generation	0.274
Antineoplastic Agents, Phytogenic	0.144
===== phenotype 49=================================================================
proportion of pts: 0.142800476002
lambda: 2724.95630564
----------------------------------------
General symptoms	0.193
Hypertensive disease	0.187
Symptoms involving respiratory system and other chest symptoms	0.174
Range name na	0.164
Rheumatism, excluding the back	0.154
Diseases of esophagus, stomach, and duodenum	0.128
----------------------------------------
Anti-Anxiety Agents	0.381
Hypnotics and Sedatives	0.343
Antipsychotic Agents	0.276
===== phenotype 33=================================================================
proportion of pts: 0.156683855613
lambda: 2551.91102982
----------------------------------------
Other forms of heart disease	0.201
Range name na	0.177
Disorders of lipoid metabolism	0.162
Hypertensive disease	0.157
Ischemic heart disease	0.156
General symptoms	0.146
----------------------------------------
Hydroxymethylglutaryl-CoA Reductase Inhibitors	0.511
Anti-Arrhythmia Agents	0.489
===== phenotype 48=================================================================
proportion of pts: 0.152320507735
lambda: 2357.78608962
----------------------------------------
Hypertensive disease	0.194
General symptoms	0.183
Range name na	0.180
Disorders of the eye and adnexa	0.169
Other diseases of urinary system	0.137
Symptoms involving urinary system	0.136
----------------------------------------
Dermatologic Agents	0.344
Bone Density Conservation Agents	0.342
Immunosuppressive Agents	0.315
===== phenotype 39=================================================================
proportion of pts: 0.155890519635
lambda: 2273.87889933
----------------------------------------
Other inflammatory conditions of skin and subcutaneous tissue	0.226
Hypertensive disease	0.222
Disorders of lipoid metabolism	0.210
Rheumatism, excluding the back	0.172
Other diseases of skin and subcutaneous tissue	0.169
----------------------------------------
Anti-Inflammatory Agents	0.403
Antihypertensive Agents	0.342
Antifungal Agents	0.255
===== phenotype 14=================================================================
proportion of pts: 0.130503768346
lambda: 2189.9919081
----------------------------------------
Other diseases of skin and subcutaneous tissue	0.250
Ischemic heart disease	0.184
Neoplasm of uncertain behavior of other sites & tissues	0.145
Mycoses	0.141
Malignant neoplasm of skin	0.140
Diseases of the ear and mastoid process	0.140
----------------------------------------
Antipyretics	0.343
Antihypertensive Agents	0.332
Anti-Inflammatory Agents, Non-Steroidal	0.325
===== phenotype 11=================================================================
proportion of pts: 0.134867116224
lambda: 1997.49139932
----------------------------------------
Ischemic heart disease	0.197
Other forms of heart disease	0.194
Symptoms involving respiratory system and other chest symptoms	0.187
Other diseases of respiratory system	0.157
Hypertensive disease	0.141
Range name na	0.124
----------------------------------------
Analgesics, Non-Narcotic	0.501
Anti-Ulcer Agents	0.499
===== phenotype 24=================================================================
proportion of pts: 0.167393891313
lambda: 1717.93454283
----------------------------------------
Diseases of esophagus, stomach, and duodenum	0.241
Other diseases of urinary system	0.225
Acute respiratory infections	0.200
Disorders of the eye and adnexa	0.184
Organic sleep disorders	0.150
----------------------------------------
Antihypertensive Agents	0.523
Antipyretics	0.477
===== phenotype 10=================================================================
proportion of pts: 0.169377231257
lambda: 1243.88460659
----------------------------------------
Rheumatism, excluding the back	0.189
Nephritis, nephrotic syndrome, and nephrosis	0.182
Symptoms involving skin and other integumentary tissue	0.165
Anemias	0.162
Diabetes	0.157
Disorders of fluid, electrolyte, and acid-base balance	0.144
----------------------------------------
Antihypertensive Agents	1.000
===== phenotype 2=================================================================
proportion of pts: 0.169773899246
lambda: 1062.46788486
----------------------------------------
Nutritional deficiencies	0.180
Symptoms involving urinary system	0.179
Other diseases of urinary system	0.174
Range name na	0.166
Other disorders of female genital tract	0.166
Hypertensive disease	0.135
----------------------------------------
Antihypertensive Agents	1.000
===== phenotype 32=================================================================
proportion of pts: 0.132090440301
lambda: 1047.66719438
----------------------------------------
Nutritional deficiencies	0.231
Hypertensive disease	0.230
Disorders of lipoid metabolism	0.206
Diabetes	0.178
Range name na	0.154
----------------------------------------
Bone Density Conservation Agents	1.000
===== phenotype 22=================================================================
proportion of pts: 0.133280444268
lambda: 834.864986127
----------------------------------------
Chronic obstructive pulmonary disease and allied conditions	0.315
Arthropathies and related disorders	0.272
Diabetes	0.263
Liver	0.150
----------------------------------------
Anti-Arrhythmia Agents	0.518
Anti-Ulcer Agents	0.482
===== phenotype 12=================================================================
proportion of pts: 0.132883776279
lambda: 622.194359562
----------------------------------------
Symptoms involving head and neck	0.280
General symptoms	0.237
Symptoms involving digestive system	0.175
Other symptoms involving abdomen and pelvis	0.156
Diseases of other endocrine glands	0.153
----------------------------------------
Antihypertensive Agents	1.000
===== phenotype 47=================================================================
proportion of pts: 0.0
lambda: 1.0
----------------------------------------
----------------------------------------
===== phenotype 44=================================================================
proportion of pts: 0.0
lambda: 1.0
----------------------------------------
----------------------------------------
===== phenotype 42=================================================================
proportion of pts: 0.0
lambda: 1.0
----------------------------------------
----------------------------------------
===== phenotype 36=================================================================
proportion of pts: 0.0
lambda: 1.0
----------------------------------------
----------------------------------------
===== phenotype 35=================================================================
proportion of pts: 0.0
lambda: 1.0
----------------------------------------
----------------------------------------
===== phenotype 20=================================================================
proportion of pts: 0.0
lambda: 1.0
----------------------------------------
----------------------------------------
===== phenotype 1=================================================================
proportion of pts: 0.0
lambda: 1.0
----------------------------------------
----------------------------------------
